Using pre-set license
Built from '2020.3/release' branch; Version is '2020.3.27f1 (e759542391ea) revision 15161684'; Using compiler version '192528614'; Build Type 'Release'
OS: 'Windows 10  (10.0.19042) 64bit Professional' Language: 'ru' Physical Memory: 32657 MB
BatchMode: 1, IsHumanControllingUs: 0, StartBugReporterOnCrash: 0, Is64bit: 1, IsPro: 0

COMMAND LINE ARGUMENTS:
C:\Program Files\Unity\Hub\Editor\2020.3.27f1\Editor\Unity.exe
-adb2
-batchMode
-noUpm
-name
AssetImportWorker0
-projectPath
F:/GitHub/MephiSim
-logFile
Logs/AssetImportWorker0.log
-srvPort
60546
Successfully changed project path to: F:/GitHub/MephiSim
F:/GitHub/MephiSim
Using Asset Import Pipeline V2.
Refreshing native plugins compatible for Editor in 34.48 ms, found 3 plugins.
Preloading 0 native plugins for Editor in 0.00 ms.
Initialize engine version: 2020.3.27f1 (e759542391ea)
[Subsystems] Discovering subsystems at path C:/Program Files/Unity/Hub/Editor/2020.3.27f1/Editor/Data/Resources/UnitySubsystems
[Subsystems] Discovering subsystems at path F:/GitHub/MephiSim/Assets
GfxDevice: creating device client; threaded=0
Direct3D:
    Version:  Direct3D 11.0 [level 11.1]
    Renderer: NVIDIA GeForce RTX 2060 (ID=0x1f08)
    Vendor:   
    VRAM:     5980 MB
    Driver:   27.21.14.5671
Initialize mono
Mono path[0] = 'C:/Program Files/Unity/Hub/Editor/2020.3.27f1/Editor/Data/Managed'
Mono path[1] = 'C:/Program Files/Unity/Hub/Editor/2020.3.27f1/Editor/Data/MonoBleedingEdge/lib/mono/unityjit'
Mono config path = 'C:/Program Files/Unity/Hub/Editor/2020.3.27f1/Editor/Data/MonoBleedingEdge/etc'
Using monoOptions --debugger-agent=transport=dt_socket,embedding=1,server=y,suspend=n,address=127.0.0.1:56552
Begin MonoManager ReloadAssembly
Registering precompiled unity dll's ...
Register platform support module: C:/Program Files/Unity/Hub/Editor/2020.3.27f1/Editor/Data/PlaybackEngines/WindowsStandaloneSupport/UnityEditor.WindowsStandalone.Extensions.dll
Registered in 0.002678 seconds.
Native extension for WindowsStandalone target not found
Refreshing native plugins compatible for Editor in 33.42 ms, found 3 plugins.
Preloading 0 native plugins for Editor in 0.00 ms.
Mono: successfully reloaded assembly
- Completed reload, in  0.433 seconds
Domain Reload Profiling:
	ReloadAssembly (433ms)
		BeginReloadAssembly (52ms)
			ExecutionOrderSort (0ms)
			DisableScriptedObjects (0ms)
			BackupInstance (0ms)
			ReleaseScriptingObjects (0ms)
			CreateAndSetChildDomain (1ms)
		EndReloadAssembly (318ms)
			LoadAssemblies (49ms)
			RebuildTransferFunctionScriptingTraits (0ms)
			SetupTypeCache (95ms)
			ReleaseScriptCaches (0ms)
			RebuildScriptCaches (22ms)
			SetupLoadedEditorAssemblies (125ms)
				LogAssemblyErrors (0ms)
				InitializePlatformSupportModulesInManaged (4ms)
				SetLoadedEditorAssemblies (0ms)
				RefreshPlugins (33ms)
				BeforeProcessingInitializeOnLoad (12ms)
				ProcessInitializeOnLoadAttributes (56ms)
				ProcessInitializeOnLoadMethodAttributes (19ms)
				AfterProcessingInitializeOnLoad (0ms)
				EditorAssembliesLoaded (0ms)
			ExecutionOrderSort2 (0ms)
			AwakeInstancesAfterBackupRestoration (0ms)
Platform modules already initialized, skipping
Registering precompiled user dll's ...
Registered in 0.002881 seconds.
Begin MonoManager ReloadAssembly
Native extension for WindowsStandalone target not found
Refreshing native plugins compatible for Editor in 34.15 ms, found 3 plugins.
Preloading 0 native plugins for Editor in 0.00 ms.
Mono: successfully reloaded assembly
- Completed reload, in  0.810 seconds
Domain Reload Profiling:
	ReloadAssembly (811ms)
		BeginReloadAssembly (107ms)
			ExecutionOrderSort (0ms)
			DisableScriptedObjects (3ms)
			BackupInstance (0ms)
			ReleaseScriptingObjects (0ms)
			CreateAndSetChildDomain (13ms)
		EndReloadAssembly (655ms)
			LoadAssemblies (73ms)
			RebuildTransferFunctionScriptingTraits (0ms)
			SetupTypeCache (202ms)
			ReleaseScriptCaches (0ms)
			RebuildScriptCaches (33ms)
			SetupLoadedEditorAssemblies (269ms)
				LogAssemblyErrors (0ms)
				InitializePlatformSupportModulesInManaged (3ms)
				SetLoadedEditorAssemblies (0ms)
				RefreshPlugins (34ms)
				BeforeProcessingInitializeOnLoad (68ms)
				ProcessInitializeOnLoadAttributes (142ms)
				ProcessInitializeOnLoadMethodAttributes (12ms)
				AfterProcessingInitializeOnLoad (9ms)
				EditorAssembliesLoaded (0ms)
			ExecutionOrderSort2 (0ms)
			AwakeInstancesAfterBackupRestoration (5ms)
Platform modules already initialized, skipping
========================================================================
Worker process is ready to serve import requests
Launched and connected shader compiler UnityShaderCompiler.exe after 0.04 seconds
Refreshing native plugins compatible for Editor in 0.36 ms, found 3 plugins.
Preloading 0 native plugins for Editor in 0.00 ms.
Unloading 2198 Unused Serialized files (Serialized files now loaded: 0)
System memory in use before: 96.0 MB.
System memory in use after: 96.0 MB.

Unloading 34 unused Assets to reduce memory usage. Loaded Objects now: 2627.
Total: 2.182500 ms (FindLiveObjects: 0.132800 ms CreateObjectMapping: 0.052200 ms MarkObjects: 1.892400 ms  DeleteObjects: 0.103900 ms)

AssetImportParameters requested are different than current active one (requested -> active):
  custom:framework-win-MediaFoundation: 216162199b28c13a410421893ffa2e32 -> 
  custom:video-decoder-ogg-theora: a1e56fd34408186e4bbccfd4996cb3dc -> 
  custom:container-muxer-webm: aa71ff27fc2769a1b78a27578f13a17b -> 
  custom:container-demuxer-webm: 4f35f7cbe854078d1ac9338744f61a02 -> 
  custom:container-demuxer-ogg: 62fdf1f143b41e24485cea50d1cbac27 -> 
  custom:video-encoder-webm-vp8: eb34c28f22e8b96e1ab97ce403110664 -> 
  custom:video-decoder-webm-vp8: 9c59270c3fd7afecdb556c50c9e8de78 -> 
  custom:audio-decoder-ogg-vorbis: bf7c407c2cedff20999df2af8eb42d56 -> 
  custom:audio-encoder-webm-vorbis: bf7c407c2cedff20999df2af8eb42d56 -> 
========================================================================
Received Import Request.
  path: Assets/Tasks/TaskScript.cs
  artifactKey: Guid(9da572bec4a3a564baa8b665942f9763) Importer(815301076,1909f56bfc062723c751e8b465ee728b)
Start importing Assets/Tasks/TaskScript.cs using Guid(9da572bec4a3a564baa8b665942f9763) Importer(815301076,1909f56bfc062723c751e8b465ee728b)  -> (artifact id: 'c6f9f5e8d37eb2b7787f2c98835318fa') in 0.020833 seconds 
  Import took 0.023151 seconds .

========================================================================
Received Prepare
Registering precompiled user dll's ...
Registered in 0.002983 seconds.
Begin MonoManager ReloadAssembly
Native extension for WindowsStandalone target not found
Refreshing native plugins compatible for Editor in 0.37 ms, found 3 plugins.
Preloading 0 native plugins for Editor in 0.00 ms.
Mono: successfully reloaded assembly
- Completed reload, in  0.733 seconds
Domain Reload Profiling:
	ReloadAssembly (733ms)
		BeginReloadAssembly (94ms)
			ExecutionOrderSort (0ms)
			DisableScriptedObjects (4ms)
			BackupInstance (0ms)
			ReleaseScriptingObjects (0ms)
			CreateAndSetChildDomain (25ms)
		EndReloadAssembly (591ms)
			LoadAssemblies (76ms)
			RebuildTransferFunctionScriptingTraits (0ms)
			SetupTypeCache (195ms)
			ReleaseScriptCaches (1ms)
			RebuildScriptCaches (28ms)
			SetupLoadedEditorAssemblies (231ms)
				LogAssemblyErrors (0ms)
				InitializePlatformSupportModulesInManaged (4ms)
				SetLoadedEditorAssemblies (0ms)
				RefreshPlugins (0ms)
				BeforeProcessingInitializeOnLoad (70ms)
				ProcessInitializeOnLoadAttributes (138ms)
				ProcessInitializeOnLoadMethodAttributes (9ms)
				AfterProcessingInitializeOnLoad (9ms)
				EditorAssembliesLoaded (0ms)
			ExecutionOrderSort2 (0ms)
			AwakeInstancesAfterBackupRestoration (6ms)
Platform modules already initialized, skipping
Refreshing native plugins compatible for Editor in 0.37 ms, found 3 plugins.
Preloading 0 native plugins for Editor in 0.00 ms.
Unloading 2193 Unused Serialized files (Serialized files now loaded: 0)
System memory in use before: 96.0 MB.
System memory in use after: 96.0 MB.

Unloading 23 unused Assets to reduce memory usage. Loaded Objects now: 2629.
Total: 2.051200 ms (FindLiveObjects: 0.117200 ms CreateObjectMapping: 0.045200 ms MarkObjects: 1.798200 ms  DeleteObjects: 0.089500 ms)

AssetImportParameters requested are different than current active one (requested -> active):
  custom:framework-win-MediaFoundation: 216162199b28c13a410421893ffa2e32 -> 
  custom:video-decoder-ogg-theora: a1e56fd34408186e4bbccfd4996cb3dc -> 
  custom:container-muxer-webm: aa71ff27fc2769a1b78a27578f13a17b -> 
  custom:container-demuxer-webm: 4f35f7cbe854078d1ac9338744f61a02 -> 
  custom:container-demuxer-ogg: 62fdf1f143b41e24485cea50d1cbac27 -> 
  custom:video-encoder-webm-vp8: eb34c28f22e8b96e1ab97ce403110664 -> 
  custom:video-decoder-webm-vp8: 9c59270c3fd7afecdb556c50c9e8de78 -> 
  custom:audio-decoder-ogg-vorbis: bf7c407c2cedff20999df2af8eb42d56 -> 
  custom:audio-encoder-webm-vorbis: bf7c407c2cedff20999df2af8eb42d56 -> 
========================================================================
Received Import Request.
  Time since last request: 3521.337158 seconds.
  path: Assets/Tasks/TaskScript.cs
  artifactKey: Guid(9da572bec4a3a564baa8b665942f9763) Importer(815301076,1909f56bfc062723c751e8b465ee728b)
Start importing Assets/Tasks/TaskScript.cs using Guid(9da572bec4a3a564baa8b665942f9763) Importer(815301076,1909f56bfc062723c751e8b465ee728b)  -> (artifact id: 'd50a96c2c927fc303435e5e4dac1acc0') in 0.006427 seconds 
  Import took 0.009661 seconds .

========================================================================
Received Prepare
Registering precompiled user dll's ...
Registered in 0.002739 seconds.
Begin MonoManager ReloadAssembly
Native extension for WindowsStandalone target not found
Refreshing native plugins compatible for Editor in 0.36 ms, found 3 plugins.
Preloading 0 native plugins for Editor in 0.00 ms.
Mono: successfully reloaded assembly
- Completed reload, in  0.721 seconds
Domain Reload Profiling:
	ReloadAssembly (721ms)
		BeginReloadAssembly (92ms)
			ExecutionOrderSort (0ms)
			DisableScriptedObjects (4ms)
			BackupInstance (0ms)
			ReleaseScriptingObjects (0ms)
			CreateAndSetChildDomain (25ms)
		EndReloadAssembly (582ms)
			LoadAssemblies (72ms)
			RebuildTransferFunctionScriptingTraits (0ms)
			SetupTypeCache (204ms)
			ReleaseScriptCaches (1ms)
			RebuildScriptCaches (28ms)
			SetupLoadedEditorAssemblies (222ms)
				LogAssemblyErrors (0ms)
				InitializePlatformSupportModulesInManaged (3ms)
				SetLoadedEditorAssemblies (0ms)
				RefreshPlugins (0ms)
				BeforeProcessingInitializeOnLoad (64ms)
				ProcessInitializeOnLoadAttributes (136ms)
				ProcessInitializeOnLoadMethodAttributes (8ms)
				AfterProcessingInitializeOnLoad (9ms)
				EditorAssembliesLoaded (0ms)
			ExecutionOrderSort2 (0ms)
			AwakeInstancesAfterBackupRestoration (6ms)
Platform modules already initialized, skipping
Refreshing native plugins compatible for Editor in 0.38 ms, found 3 plugins.
Preloading 0 native plugins for Editor in 0.00 ms.
Unloading 2193 Unused Serialized files (Serialized files now loaded: 0)
System memory in use before: 96.0 MB.
System memory in use after: 96.0 MB.

Unloading 23 unused Assets to reduce memory usage. Loaded Objects now: 2631.
Total: 2.208400 ms (FindLiveObjects: 0.137100 ms CreateObjectMapping: 0.061000 ms MarkObjects: 1.919900 ms  DeleteObjects: 0.088800 ms)

AssetImportParameters requested are different than current active one (requested -> active):
  custom:framework-win-MediaFoundation: 216162199b28c13a410421893ffa2e32 -> 
  custom:video-decoder-ogg-theora: a1e56fd34408186e4bbccfd4996cb3dc -> 
  custom:container-muxer-webm: aa71ff27fc2769a1b78a27578f13a17b -> 
  custom:container-demuxer-webm: 4f35f7cbe854078d1ac9338744f61a02 -> 
  custom:container-demuxer-ogg: 62fdf1f143b41e24485cea50d1cbac27 -> 
  custom:video-encoder-webm-vp8: eb34c28f22e8b96e1ab97ce403110664 -> 
  custom:video-decoder-webm-vp8: 9c59270c3fd7afecdb556c50c9e8de78 -> 
  custom:audio-decoder-ogg-vorbis: bf7c407c2cedff20999df2af8eb42d56 -> 
  custom:audio-encoder-webm-vorbis: bf7c407c2cedff20999df2af8eb42d56 -> 
========================================================================
Received Import Request.
  Time since last request: 34.006039 seconds.
  path: Assets/Character
  artifactKey: Guid(f68187b00da0c9449b702b4e55ffe290) Importer(815301076,1909f56bfc062723c751e8b465ee728b)
Start importing Assets/Character using Guid(f68187b00da0c9449b702b4e55ffe290) Importer(815301076,1909f56bfc062723c751e8b465ee728b)  -> (artifact id: '6aa942053f4ff271ed61457cb7290a72') in 0.004330 seconds 
  Import took 0.006915 seconds .

========================================================================
Received Prepare
Registering precompiled user dll's ...
Registered in 0.002600 seconds.
Begin MonoManager ReloadAssembly
Native extension for WindowsStandalone target not found
Refreshing native plugins compatible for Editor in 0.39 ms, found 3 plugins.
Preloading 0 native plugins for Editor in 0.00 ms.
Mono: successfully reloaded assembly
- Completed reload, in  0.732 seconds
Domain Reload Profiling:
	ReloadAssembly (733ms)
		BeginReloadAssembly (92ms)
			ExecutionOrderSort (0ms)
			DisableScriptedObjects (4ms)
			BackupInstance (0ms)
			ReleaseScriptingObjects (0ms)
			CreateAndSetChildDomain (25ms)
		EndReloadAssembly (590ms)
			LoadAssemblies (74ms)
			RebuildTransferFunctionScriptingTraits (0ms)
			SetupTypeCache (190ms)
			ReleaseScriptCaches (1ms)
			RebuildScriptCaches (28ms)
			SetupLoadedEditorAssemblies (236ms)
				LogAssemblyErrors (0ms)
				InitializePlatformSupportModulesInManaged (3ms)
				SetLoadedEditorAssemblies (0ms)
				RefreshPlugins (0ms)
				BeforeProcessingInitializeOnLoad (69ms)
				ProcessInitializeOnLoadAttributes (144ms)
				ProcessInitializeOnLoadMethodAttributes (9ms)
				AfterProcessingInitializeOnLoad (9ms)
				EditorAssembliesLoaded (0ms)
			ExecutionOrderSort2 (0ms)
			AwakeInstancesAfterBackupRestoration (8ms)
Platform modules already initialized, skipping
Refreshing native plugins compatible for Editor in 0.40 ms, found 3 plugins.
Preloading 0 native plugins for Editor in 0.00 ms.
Unloading 2194 Unused Serialized files (Serialized files now loaded: 0)
System memory in use before: 96.1 MB.
System memory in use after: 96.0 MB.

Unloading 23 unused Assets to reduce memory usage. Loaded Objects now: 2634.
Total: 2.498000 ms (FindLiveObjects: 0.122800 ms CreateObjectMapping: 0.053400 ms MarkObjects: 2.216800 ms  DeleteObjects: 0.103900 ms)

AssetImportParameters requested are different than current active one (requested -> active):
  custom:framework-win-MediaFoundation: 216162199b28c13a410421893ffa2e32 -> 
  custom:video-decoder-ogg-theora: a1e56fd34408186e4bbccfd4996cb3dc -> 
  custom:container-muxer-webm: aa71ff27fc2769a1b78a27578f13a17b -> 
  custom:container-demuxer-webm: 4f35f7cbe854078d1ac9338744f61a02 -> 
  custom:container-demuxer-ogg: 62fdf1f143b41e24485cea50d1cbac27 -> 
  custom:video-encoder-webm-vp8: eb34c28f22e8b96e1ab97ce403110664 -> 
  custom:video-decoder-webm-vp8: 9c59270c3fd7afecdb556c50c9e8de78 -> 
  custom:audio-decoder-ogg-vorbis: bf7c407c2cedff20999df2af8eb42d56 -> 
  custom:audio-encoder-webm-vorbis: bf7c407c2cedff20999df2af8eb42d56 -> 
========================================================================
Received Import Request.
  Time since last request: 181.270519 seconds.
  path: Assets/Character/NewBehaviourScript.cs
  artifactKey: Guid(442b9aff4cce5ee42a34c7c8a34e39ba) Importer(815301076,1909f56bfc062723c751e8b465ee728b)
Start importing Assets/Character/NewBehaviourScript.cs using Guid(442b9aff4cce5ee42a34c7c8a34e39ba) Importer(815301076,1909f56bfc062723c751e8b465ee728b)  -> (artifact id: 'ef6ae36be1958c62cde0bea40f73bebc') in 0.004192 seconds 
  Import took 0.006618 seconds .

========================================================================
Received Prepare
Registering precompiled user dll's ...
Registered in 0.002593 seconds.
Begin MonoManager ReloadAssembly
Native extension for WindowsStandalone target not found
Refreshing native plugins compatible for Editor in 0.40 ms, found 3 plugins.
Preloading 0 native plugins for Editor in 0.00 ms.
Mono: successfully reloaded assembly
- Completed reload, in  0.735 seconds
Domain Reload Profiling:
	ReloadAssembly (735ms)
		BeginReloadAssembly (93ms)
			ExecutionOrderSort (0ms)
			DisableScriptedObjects (4ms)
			BackupInstance (0ms)
			ReleaseScriptingObjects (0ms)
			CreateAndSetChildDomain (24ms)
		EndReloadAssembly (593ms)
			LoadAssemblies (75ms)
			RebuildTransferFunctionScriptingTraits (0ms)
			SetupTypeCache (202ms)
			ReleaseScriptCaches (1ms)
			RebuildScriptCaches (29ms)
			SetupLoadedEditorAssemblies (225ms)
				LogAssemblyErrors (0ms)
				InitializePlatformSupportModulesInManaged (3ms)
				SetLoadedEditorAssemblies (0ms)
				RefreshPlugins (0ms)
				BeforeProcessingInitializeOnLoad (66ms)
				ProcessInitializeOnLoadAttributes (138ms)
				ProcessInitializeOnLoadMethodAttributes (8ms)
				AfterProcessingInitializeOnLoad (9ms)
				EditorAssembliesLoaded (0ms)
			ExecutionOrderSort2 (0ms)
			AwakeInstancesAfterBackupRestoration (6ms)
Platform modules already initialized, skipping
Refreshing native plugins compatible for Editor in 0.38 ms, found 3 plugins.
Preloading 0 native plugins for Editor in 0.00 ms.
Unloading 2193 Unused Serialized files (Serialized files now loaded: 0)
System memory in use before: 96.1 MB.
System memory in use after: 96.1 MB.

Unloading 24 unused Assets to reduce memory usage. Loaded Objects now: 2635.
Total: 2.356900 ms (FindLiveObjects: 0.132200 ms CreateObjectMapping: 0.049400 ms MarkObjects: 2.038100 ms  DeleteObjects: 0.136400 ms)

AssetImportParameters requested are different than current active one (requested -> active):
  custom:framework-win-MediaFoundation: 216162199b28c13a410421893ffa2e32 -> 
  custom:video-decoder-ogg-theora: a1e56fd34408186e4bbccfd4996cb3dc -> 
  custom:container-muxer-webm: aa71ff27fc2769a1b78a27578f13a17b -> 
  custom:container-demuxer-webm: 4f35f7cbe854078d1ac9338744f61a02 -> 
  custom:container-demuxer-ogg: 62fdf1f143b41e24485cea50d1cbac27 -> 
  custom:video-encoder-webm-vp8: eb34c28f22e8b96e1ab97ce403110664 -> 
  custom:video-decoder-webm-vp8: 9c59270c3fd7afecdb556c50c9e8de78 -> 
  custom:audio-decoder-ogg-vorbis: bf7c407c2cedff20999df2af8eb42d56 -> 
  custom:audio-encoder-webm-vorbis: bf7c407c2cedff20999df2af8eb42d56 -> 
========================================================================
Received Prepare
Registering precompiled user dll's ...
Registered in 0.002690 seconds.
Begin MonoManager ReloadAssembly
Native extension for WindowsStandalone target not found
Refreshing native plugins compatible for Editor in 0.38 ms, found 3 plugins.
Preloading 0 native plugins for Editor in 0.00 ms.
Mono: successfully reloaded assembly
- Completed reload, in  0.732 seconds
Domain Reload Profiling:
	ReloadAssembly (732ms)
		BeginReloadAssembly (93ms)
			ExecutionOrderSort (0ms)
			DisableScriptedObjects (5ms)
			BackupInstance (0ms)
			ReleaseScriptingObjects (0ms)
			CreateAndSetChildDomain (25ms)
		EndReloadAssembly (588ms)
			LoadAssemblies (74ms)
			RebuildTransferFunctionScriptingTraits (0ms)
			SetupTypeCache (197ms)
			ReleaseScriptCaches (1ms)
			RebuildScriptCaches (29ms)
			SetupLoadedEditorAssemblies (230ms)
				LogAssemblyErrors (0ms)
				InitializePlatformSupportModulesInManaged (4ms)
				SetLoadedEditorAssemblies (0ms)
				RefreshPlugins (0ms)
				BeforeProcessingInitializeOnLoad (70ms)
				ProcessInitializeOnLoadAttributes (137ms)
				ProcessInitializeOnLoadMethodAttributes (8ms)
				AfterProcessingInitializeOnLoad (9ms)
				EditorAssembliesLoaded (0ms)
			ExecutionOrderSort2 (0ms)
			AwakeInstancesAfterBackupRestoration (6ms)
Platform modules already initialized, skipping
Refreshing native plugins compatible for Editor in 0.40 ms, found 3 plugins.
Preloading 0 native plugins for Editor in 0.00 ms.
Unloading 2193 Unused Serialized files (Serialized files now loaded: 0)
System memory in use before: 96.1 MB.
System memory in use after: 96.1 MB.

Unloading 23 unused Assets to reduce memory usage. Loaded Objects now: 2637.
Total: 2.116100 ms (FindLiveObjects: 0.118400 ms CreateObjectMapping: 0.042400 ms MarkObjects: 1.832700 ms  DeleteObjects: 0.121300 ms)

AssetImportParameters requested are different than current active one (requested -> active):
  custom:framework-win-MediaFoundation: 216162199b28c13a410421893ffa2e32 -> 
  custom:video-decoder-ogg-theora: a1e56fd34408186e4bbccfd4996cb3dc -> 
  custom:container-muxer-webm: aa71ff27fc2769a1b78a27578f13a17b -> 
  custom:container-demuxer-webm: 4f35f7cbe854078d1ac9338744f61a02 -> 
  custom:container-demuxer-ogg: 62fdf1f143b41e24485cea50d1cbac27 -> 
  custom:video-encoder-webm-vp8: eb34c28f22e8b96e1ab97ce403110664 -> 
  custom:video-decoder-webm-vp8: 9c59270c3fd7afecdb556c50c9e8de78 -> 
  custom:audio-decoder-ogg-vorbis: bf7c407c2cedff20999df2af8eb42d56 -> 
  custom:audio-encoder-webm-vorbis: bf7c407c2cedff20999df2af8eb42d56 -> 
========================================================================
Received Prepare
Registering precompiled user dll's ...
Registered in 0.002620 seconds.
Begin MonoManager ReloadAssembly
Native extension for WindowsStandalone target not found
Refreshing native plugins compatible for Editor in 0.45 ms, found 3 plugins.
Preloading 0 native plugins for Editor in 0.00 ms.
Mono: successfully reloaded assembly
- Completed reload, in  0.767 seconds
Domain Reload Profiling:
	ReloadAssembly (768ms)
		BeginReloadAssembly (94ms)
			ExecutionOrderSort (0ms)
			DisableScriptedObjects (4ms)
			BackupInstance (0ms)
			ReleaseScriptingObjects (0ms)
			CreateAndSetChildDomain (25ms)
		EndReloadAssembly (618ms)
			LoadAssemblies (79ms)
			RebuildTransferFunctionScriptingTraits (0ms)
			SetupTypeCache (208ms)
			ReleaseScriptCaches (1ms)
			RebuildScriptCaches (34ms)
			SetupLoadedEditorAssemblies (235ms)
				LogAssemblyErrors (0ms)
				InitializePlatformSupportModulesInManaged (4ms)
				SetLoadedEditorAssemblies (0ms)
				RefreshPlugins (1ms)
				BeforeProcessingInitializeOnLoad (71ms)
				ProcessInitializeOnLoadAttributes (142ms)
				ProcessInitializeOnLoadMethodAttributes (9ms)
				AfterProcessingInitializeOnLoad (9ms)
				EditorAssembliesLoaded (0ms)
			ExecutionOrderSort2 (0ms)
			AwakeInstancesAfterBackupRestoration (7ms)
Platform modules already initialized, skipping
Refreshing native plugins compatible for Editor in 0.37 ms, found 3 plugins.
Preloading 0 native plugins for Editor in 0.00 ms.
Unloading 2193 Unused Serialized files (Serialized files now loaded: 0)
System memory in use before: 96.1 MB.
System memory in use after: 96.1 MB.

Unloading 23 unused Assets to reduce memory usage. Loaded Objects now: 2639.
Total: 2.239000 ms (FindLiveObjects: 0.120700 ms CreateObjectMapping: 0.048500 ms MarkObjects: 1.932900 ms  DeleteObjects: 0.134800 ms)

AssetImportParameters requested are different than current active one (requested -> active):
  custom:framework-win-MediaFoundation: 216162199b28c13a410421893ffa2e32 -> 
  custom:video-decoder-ogg-theora: a1e56fd34408186e4bbccfd4996cb3dc -> 
  custom:container-muxer-webm: aa71ff27fc2769a1b78a27578f13a17b -> 
  custom:container-demuxer-webm: 4f35f7cbe854078d1ac9338744f61a02 -> 
  custom:container-demuxer-ogg: 62fdf1f143b41e24485cea50d1cbac27 -> 
  custom:video-encoder-webm-vp8: eb34c28f22e8b96e1ab97ce403110664 -> 
  custom:video-decoder-webm-vp8: 9c59270c3fd7afecdb556c50c9e8de78 -> 
  custom:audio-decoder-ogg-vorbis: bf7c407c2cedff20999df2af8eb42d56 -> 
  custom:audio-encoder-webm-vorbis: bf7c407c2cedff20999df2af8eb42d56 -> 
========================================================================
Received Import Request.
  Time since last request: 1097.756896 seconds.
  path: Assets/Character/Character.cs
  artifactKey: Guid(c79b85bf11bf6234aab9f5590b3ce2d1) Importer(815301076,1909f56bfc062723c751e8b465ee728b)
Start importing Assets/Character/Character.cs using Guid(c79b85bf11bf6234aab9f5590b3ce2d1) Importer(815301076,1909f56bfc062723c751e8b465ee728b)  -> (artifact id: 'da540bfe0224be5436ccf4aa5bad4005') in 0.006203 seconds 
  Import took 0.009773 seconds .

========================================================================
Received Prepare
Registering precompiled user dll's ...
Registered in 0.002904 seconds.
Begin MonoManager ReloadAssembly
Native extension for WindowsStandalone target not found
Refreshing native plugins compatible for Editor in 0.46 ms, found 3 plugins.
Preloading 0 native plugins for Editor in 0.00 ms.
Mono: successfully reloaded assembly
- Completed reload, in  0.763 seconds
Domain Reload Profiling:
	ReloadAssembly (763ms)
		BeginReloadAssembly (96ms)
			ExecutionOrderSort (0ms)
			DisableScriptedObjects (5ms)
			BackupInstance (0ms)
			ReleaseScriptingObjects (0ms)
			CreateAndSetChildDomain (26ms)
		EndReloadAssembly (618ms)
			LoadAssemblies (75ms)
			RebuildTransferFunctionScriptingTraits (0ms)
			SetupTypeCache (199ms)
			ReleaseScriptCaches (1ms)
			RebuildScriptCaches (29ms)
			SetupLoadedEditorAssemblies (233ms)
				LogAssemblyErrors (0ms)
				InitializePlatformSupportModulesInManaged (4ms)
				SetLoadedEditorAssemblies (0ms)
				RefreshPlugins (1ms)
				BeforeProcessingInitializeOnLoad (69ms)
				ProcessInitializeOnLoadAttributes (142ms)
				ProcessInitializeOnLoadMethodAttributes (9ms)
				AfterProcessingInitializeOnLoad (9ms)
				EditorAssembliesLoaded (0ms)
			ExecutionOrderSort2 (0ms)
			AwakeInstancesAfterBackupRestoration (7ms)
Platform modules already initialized, skipping
Refreshing native plugins compatible for Editor in 0.46 ms, found 3 plugins.
Preloading 0 native plugins for Editor in 0.00 ms.
Unloading 2194 Unused Serialized files (Serialized files now loaded: 0)
System memory in use before: 96.1 MB.
System memory in use after: 96.1 MB.

Unloading 23 unused Assets to reduce memory usage. Loaded Objects now: 2642.
Total: 2.066900 ms (FindLiveObjects: 0.127900 ms CreateObjectMapping: 0.041400 ms MarkObjects: 1.791700 ms  DeleteObjects: 0.104400 ms)

AssetImportParameters requested are different than current active one (requested -> active):
  custom:framework-win-MediaFoundation: 216162199b28c13a410421893ffa2e32 -> 
  custom:video-decoder-ogg-theora: a1e56fd34408186e4bbccfd4996cb3dc -> 
  custom:container-muxer-webm: aa71ff27fc2769a1b78a27578f13a17b -> 
  custom:container-demuxer-webm: 4f35f7cbe854078d1ac9338744f61a02 -> 
  custom:container-demuxer-ogg: 62fdf1f143b41e24485cea50d1cbac27 -> 
  custom:video-encoder-webm-vp8: eb34c28f22e8b96e1ab97ce403110664 -> 
  custom:video-decoder-webm-vp8: 9c59270c3fd7afecdb556c50c9e8de78 -> 
  custom:audio-decoder-ogg-vorbis: bf7c407c2cedff20999df2af8eb42d56 -> 
  custom:audio-encoder-webm-vorbis: bf7c407c2cedff20999df2af8eb42d56 -> 
========================================================================
Received Import Request.
  Time since last request: 12.894875 seconds.
  path: Assets/Character/Character.cs
  artifactKey: Guid(c79b85bf11bf6234aab9f5590b3ce2d1) Importer(815301076,1909f56bfc062723c751e8b465ee728b)
Start importing Assets/Character/Character.cs using Guid(c79b85bf11bf6234aab9f5590b3ce2d1) Importer(815301076,1909f56bfc062723c751e8b465ee728b)  -> (artifact id: 'dec3faa657ebe38a0d3f699e7e3a9ed0') in 0.004559 seconds 
  Import took 0.017266 seconds .

========================================================================
Received Import Request.
  Time since last request: 5.834887 seconds.
  path: Assets/Character/Character.cs
  artifactKey: Guid(c79b85bf11bf6234aab9f5590b3ce2d1) Importer(815301076,1909f56bfc062723c751e8b465ee728b)
Start importing Assets/Character/Character.cs using Guid(c79b85bf11bf6234aab9f5590b3ce2d1) Importer(815301076,1909f56bfc062723c751e8b465ee728b)  -> (artifact id: 'c5642bc49f3ce4527eaa529d3edb3241') in 0.001901 seconds 
  Import took 0.004491 seconds .

========================================================================
Received Import Request.
  Time since last request: 27.359930 seconds.
  path: Assets/Character/Character.cs
  artifactKey: Guid(c79b85bf11bf6234aab9f5590b3ce2d1) Importer(815301076,1909f56bfc062723c751e8b465ee728b)
Start importing Assets/Character/Character.cs using Guid(c79b85bf11bf6234aab9f5590b3ce2d1) Importer(815301076,1909f56bfc062723c751e8b465ee728b)  -> (artifact id: '10b102eeb5d456663704080fd4c4533d') in 0.001949 seconds 
  Import took 0.004466 seconds .

========================================================================
Received Import Request.
  Time since last request: 43.784214 seconds.
  path: Assets/Character/Character.cs
  artifactKey: Guid(c79b85bf11bf6234aab9f5590b3ce2d1) Importer(815301076,1909f56bfc062723c751e8b465ee728b)
Start importing Assets/Character/Character.cs using Guid(c79b85bf11bf6234aab9f5590b3ce2d1) Importer(815301076,1909f56bfc062723c751e8b465ee728b)  -> (artifact id: '8378f927104a044447ea87e8e63dbc3f') in 0.002048 seconds 
  Import took 0.004540 seconds .

========================================================================
Received Import Request.
  Time since last request: 20.869495 seconds.
  path: Assets/Character/Character.cs
  artifactKey: Guid(c79b85bf11bf6234aab9f5590b3ce2d1) Importer(815301076,1909f56bfc062723c751e8b465ee728b)
Start importing Assets/Character/Character.cs using Guid(c79b85bf11bf6234aab9f5590b3ce2d1) Importer(815301076,1909f56bfc062723c751e8b465ee728b)  -> (artifact id: '8930125e97e8a841035649c2e57c85eb') in 0.001744 seconds 
  Import took 0.004209 seconds .

========================================================================
Received Import Request.
  Time since last request: 10.126301 seconds.
  path: Assets/Character/Character.cs
  artifactKey: Guid(c79b85bf11bf6234aab9f5590b3ce2d1) Importer(815301076,1909f56bfc062723c751e8b465ee728b)
Start importing Assets/Character/Character.cs using Guid(c79b85bf11bf6234aab9f5590b3ce2d1) Importer(815301076,1909f56bfc062723c751e8b465ee728b)  -> (artifact id: '18ac3974bdf3a136f5ebc23822ef9857') in 0.002135 seconds 
  Import took 0.004813 seconds .

========================================================================
Received Import Request.
  Time since last request: 3.853741 seconds.
  path: Assets/Character/Character.cs
  artifactKey: Guid(c79b85bf11bf6234aab9f5590b3ce2d1) Importer(815301076,1909f56bfc062723c751e8b465ee728b)
Start importing Assets/Character/Character.cs using Guid(c79b85bf11bf6234aab9f5590b3ce2d1) Importer(815301076,1909f56bfc062723c751e8b465ee728b)  -> (artifact id: '76a21bc359096cdd4eb0b937b0b028ef') in 0.001858 seconds 
  Import took 0.004378 seconds .

========================================================================
Received Import Request.
  Time since last request: 66.898449 seconds.
  path: Assets/Character/Character.cs
  artifactKey: Guid(c79b85bf11bf6234aab9f5590b3ce2d1) Importer(815301076,1909f56bfc062723c751e8b465ee728b)
Start importing Assets/Character/Character.cs using Guid(c79b85bf11bf6234aab9f5590b3ce2d1) Importer(815301076,1909f56bfc062723c751e8b465ee728b)  -> (artifact id: 'bfe924cfc7ba5f704a5fe58566ccae6c') in 0.001916 seconds 
  Import took 0.005306 seconds .

========================================================================
Received Import Request.
  Time since last request: 7.641872 seconds.
  path: Assets/Character/Character.cs
  artifactKey: Guid(c79b85bf11bf6234aab9f5590b3ce2d1) Importer(815301076,1909f56bfc062723c751e8b465ee728b)
Start importing Assets/Character/Character.cs using Guid(c79b85bf11bf6234aab9f5590b3ce2d1) Importer(815301076,1909f56bfc062723c751e8b465ee728b)  -> (artifact id: '3323c94faeb0aa14289274181b967b83') in 0.001876 seconds 
  Import took 0.004484 seconds .

========================================================================
Received Import Request.
  Time since last request: 11.031301 seconds.
  path: Assets/Character/Character.cs
  artifactKey: Guid(c79b85bf11bf6234aab9f5590b3ce2d1) Importer(815301076,1909f56bfc062723c751e8b465ee728b)
Start importing Assets/Character/Character.cs using Guid(c79b85bf11bf6234aab9f5590b3ce2d1) Importer(815301076,1909f56bfc062723c751e8b465ee728b)  -> (artifact id: '29c671e497f4d64ee0abee884c7140f7') in 0.001740 seconds 
  Import took 0.004205 seconds .

========================================================================
Received Import Request.
  Time since last request: 17.290820 seconds.
  path: Assets/Character/Character.cs
  artifactKey: Guid(c79b85bf11bf6234aab9f5590b3ce2d1) Importer(815301076,1909f56bfc062723c751e8b465ee728b)
Start importing Assets/Character/Character.cs using Guid(c79b85bf11bf6234aab9f5590b3ce2d1) Importer(815301076,1909f56bfc062723c751e8b465ee728b)  -> (artifact id: 'd6f081accbc617a74fdc3196c19d4a43') in 0.001829 seconds 
  Import took 0.004243 seconds .

========================================================================
Received Import Request.
  Time since last request: 51.440556 seconds.
  path: Assets/Character/Character.cs
  artifactKey: Guid(c79b85bf11bf6234aab9f5590b3ce2d1) Importer(815301076,1909f56bfc062723c751e8b465ee728b)
Start importing Assets/Character/Character.cs using Guid(c79b85bf11bf6234aab9f5590b3ce2d1) Importer(815301076,1909f56bfc062723c751e8b465ee728b)  -> (artifact id: '0945aab4ad78b09bee106ae0a47aa968') in 0.002091 seconds 
  Import took 0.004544 seconds .

========================================================================
Received Import Request.
  Time since last request: 10.730653 seconds.
  path: Assets/Character/Character.cs
  artifactKey: Guid(c79b85bf11bf6234aab9f5590b3ce2d1) Importer(815301076,1909f56bfc062723c751e8b465ee728b)
Start importing Assets/Character/Character.cs using Guid(c79b85bf11bf6234aab9f5590b3ce2d1) Importer(815301076,1909f56bfc062723c751e8b465ee728b)  -> (artifact id: '3bd9703c9860d7ea4a5971a1d9d38057') in 0.001915 seconds 
  Import took 0.004484 seconds .

========================================================================
Received Import Request.
  Time since last request: 2.462983 seconds.
  path: Assets/Character/Character.cs
  artifactKey: Guid(c79b85bf11bf6234aab9f5590b3ce2d1) Importer(815301076,1909f56bfc062723c751e8b465ee728b)
Start importing Assets/Character/Character.cs using Guid(c79b85bf11bf6234aab9f5590b3ce2d1) Importer(815301076,1909f56bfc062723c751e8b465ee728b)  -> (artifact id: '5f39f559432e950b18c1c5dc253b3c63') in 0.001829 seconds 
  Import took 0.004299 seconds .

========================================================================
Received Import Request.
  Time since last request: 2.863514 seconds.
  path: Assets/Character/Character.cs
  artifactKey: Guid(c79b85bf11bf6234aab9f5590b3ce2d1) Importer(815301076,1909f56bfc062723c751e8b465ee728b)
Start importing Assets/Character/Character.cs using Guid(c79b85bf11bf6234aab9f5590b3ce2d1) Importer(815301076,1909f56bfc062723c751e8b465ee728b)  -> (artifact id: 'c4c36c2a60b84cf7c34eb82795dcddb3') in 0.011569 seconds 
  Import took 0.014016 seconds .

========================================================================
Received Import Request.
  Time since last request: 36.907499 seconds.
  path: Assets/Character/Character.cs
  artifactKey: Guid(c79b85bf11bf6234aab9f5590b3ce2d1) Importer(815301076,1909f56bfc062723c751e8b465ee728b)
Start importing Assets/Character/Character.cs using Guid(c79b85bf11bf6234aab9f5590b3ce2d1) Importer(815301076,1909f56bfc062723c751e8b465ee728b)  -> (artifact id: 'e3a65e7bf2e12c240702bde6f20de53f') in 0.002059 seconds 
  Import took 0.004509 seconds .

========================================================================
Received Import Request.
  Time since last request: 189.500181 seconds.
  path: Assets/Character/Character.cs
  artifactKey: Guid(c79b85bf11bf6234aab9f5590b3ce2d1) Importer(815301076,1909f56bfc062723c751e8b465ee728b)
Start importing Assets/Character/Character.cs using Guid(c79b85bf11bf6234aab9f5590b3ce2d1) Importer(815301076,1909f56bfc062723c751e8b465ee728b)  -> (artifact id: '31aaac284a8aacebb62b56b464d85ed7') in 0.002232 seconds 
  Import took 0.005541 seconds .

========================================================================
Received Import Request.
  Time since last request: 4.342735 seconds.
  path: Assets/Character/Character.cs
  artifactKey: Guid(c79b85bf11bf6234aab9f5590b3ce2d1) Importer(815301076,1909f56bfc062723c751e8b465ee728b)
Start importing Assets/Character/Character.cs using Guid(c79b85bf11bf6234aab9f5590b3ce2d1) Importer(815301076,1909f56bfc062723c751e8b465ee728b)  -> (artifact id: 'e6307744f31c83e8ef1bca59a17e5fe4') in 0.001844 seconds 
  Import took 0.004254 seconds .

========================================================================
Received Import Request.
  Time since last request: 9.520692 seconds.
  path: Assets/Character/Character.cs
  artifactKey: Guid(c79b85bf11bf6234aab9f5590b3ce2d1) Importer(815301076,1909f56bfc062723c751e8b465ee728b)
Start importing Assets/Character/Character.cs using Guid(c79b85bf11bf6234aab9f5590b3ce2d1) Importer(815301076,1909f56bfc062723c751e8b465ee728b)  -> (artifact id: '8333e808c89b10eb83c69a5607e8b9c2') in 0.001986 seconds 
  Import took 0.004549 seconds .

========================================================================
Received Import Request.
  Time since last request: 21.746642 seconds.
  path: Assets/Character/Character.cs
  artifactKey: Guid(c79b85bf11bf6234aab9f5590b3ce2d1) Importer(815301076,1909f56bfc062723c751e8b465ee728b)
Start importing Assets/Character/Character.cs using Guid(c79b85bf11bf6234aab9f5590b3ce2d1) Importer(815301076,1909f56bfc062723c751e8b465ee728b)  -> (artifact id: '9f0a8ba7008379a8f22f14f76f203bbd') in 0.001710 seconds 
  Import took 0.004620 seconds .

========================================================================
Received Import Request.
  Time since last request: 3.159837 seconds.
  path: Assets/Character/Character.cs
  artifactKey: Guid(c79b85bf11bf6234aab9f5590b3ce2d1) Importer(815301076,1909f56bfc062723c751e8b465ee728b)
Start importing Assets/Character/Character.cs using Guid(c79b85bf11bf6234aab9f5590b3ce2d1) Importer(815301076,1909f56bfc062723c751e8b465ee728b)  -> (artifact id: '0557a1ec8e60cf77483e5e2acde516e1') in 0.002039 seconds 
  Import took 0.004494 seconds .

========================================================================
Received Import Request.
  Time since last request: 16.990635 seconds.
  path: Assets/Character/Character.cs
  artifactKey: Guid(c79b85bf11bf6234aab9f5590b3ce2d1) Importer(815301076,1909f56bfc062723c751e8b465ee728b)
Start importing Assets/Character/Character.cs using Guid(c79b85bf11bf6234aab9f5590b3ce2d1) Importer(815301076,1909f56bfc062723c751e8b465ee728b)  -> (artifact id: '3c1a1ba5ef380f7e150754148cd4d851') in 0.001927 seconds 
  Import took 0.004463 seconds .

========================================================================
Received Import Request.
  Time since last request: 202.967097 seconds.
  path: Assets/Character/Character.cs
  artifactKey: Guid(c79b85bf11bf6234aab9f5590b3ce2d1) Importer(815301076,1909f56bfc062723c751e8b465ee728b)
Start importing Assets/Character/Character.cs using Guid(c79b85bf11bf6234aab9f5590b3ce2d1) Importer(815301076,1909f56bfc062723c751e8b465ee728b)  -> (artifact id: '89d3f19905942623f6754faa3fb3b2f3') in 0.001985 seconds 
  Import took 0.004410 seconds .

========================================================================
Received Import Request.
  Time since last request: 34.520223 seconds.
  path: Assets/Character/Character.cs
  artifactKey: Guid(c79b85bf11bf6234aab9f5590b3ce2d1) Importer(815301076,1909f56bfc062723c751e8b465ee728b)
Start importing Assets/Character/Character.cs using Guid(c79b85bf11bf6234aab9f5590b3ce2d1) Importer(815301076,1909f56bfc062723c751e8b465ee728b)  -> (artifact id: 'bb31e9ceefa0139512330d8bceeb74ec') in 0.001978 seconds 
  Import took 0.004623 seconds .

========================================================================
Received Import Request.
  Time since last request: 4.944331 seconds.
  path: Assets/Character/Character.cs
  artifactKey: Guid(c79b85bf11bf6234aab9f5590b3ce2d1) Importer(815301076,1909f56bfc062723c751e8b465ee728b)
Start importing Assets/Character/Character.cs using Guid(c79b85bf11bf6234aab9f5590b3ce2d1) Importer(815301076,1909f56bfc062723c751e8b465ee728b)  -> (artifact id: '9c33a61518b00df82a585d58639be7b6') in 0.001738 seconds 
  Import took 0.004131 seconds .

========================================================================
Received Import Request.
  Time since last request: 21.165208 seconds.
  path: Assets/Character/Character.cs
  artifactKey: Guid(c79b85bf11bf6234aab9f5590b3ce2d1) Importer(815301076,1909f56bfc062723c751e8b465ee728b)
Start importing Assets/Character/Character.cs using Guid(c79b85bf11bf6234aab9f5590b3ce2d1) Importer(815301076,1909f56bfc062723c751e8b465ee728b)  -> (artifact id: 'b58137a2032d944032152cec88a7e318') in 0.002198 seconds 
  Import took 0.005042 seconds .

========================================================================
Received Import Request.
  Time since last request: 94.167299 seconds.
  path: Assets/Character/Character.cs
  artifactKey: Guid(c79b85bf11bf6234aab9f5590b3ce2d1) Importer(815301076,1909f56bfc062723c751e8b465ee728b)
Start importing Assets/Character/Character.cs using Guid(c79b85bf11bf6234aab9f5590b3ce2d1) Importer(815301076,1909f56bfc062723c751e8b465ee728b)  -> (artifact id: '30708170738b4193db4a3ad0a858c51e') in 0.002116 seconds 
  Import took 0.004903 seconds .

========================================================================
Received Import Request.
  Time since last request: 12.428553 seconds.
  path: Assets/Character/Character.cs
  artifactKey: Guid(c79b85bf11bf6234aab9f5590b3ce2d1) Importer(815301076,1909f56bfc062723c751e8b465ee728b)
Start importing Assets/Character/Character.cs using Guid(c79b85bf11bf6234aab9f5590b3ce2d1) Importer(815301076,1909f56bfc062723c751e8b465ee728b)  -> (artifact id: '74c588c79c62dbc145dc98512432bd02') in 0.002448 seconds 
  Import took 0.005096 seconds .

========================================================================
Received Import Request.
  Time since last request: 1.761240 seconds.
  path: Assets/Character/Character.cs
  artifactKey: Guid(c79b85bf11bf6234aab9f5590b3ce2d1) Importer(815301076,1909f56bfc062723c751e8b465ee728b)
Start importing Assets/Character/Character.cs using Guid(c79b85bf11bf6234aab9f5590b3ce2d1) Importer(815301076,1909f56bfc062723c751e8b465ee728b)  -> (artifact id: '5ebfeb81bd32dfc0149f3012667d6843') in 0.002020 seconds 
  Import took 0.004442 seconds .

========================================================================
Received Import Request.
  Time since last request: 97.396307 seconds.
  path: Assets/Character/Character.cs
  artifactKey: Guid(c79b85bf11bf6234aab9f5590b3ce2d1) Importer(815301076,1909f56bfc062723c751e8b465ee728b)
Start importing Assets/Character/Character.cs using Guid(c79b85bf11bf6234aab9f5590b3ce2d1) Importer(815301076,1909f56bfc062723c751e8b465ee728b)  -> (artifact id: 'c51673e125cb20e81a0a2a2f929fb88f') in 0.001964 seconds 
  Import took 0.004552 seconds .

========================================================================
Received Import Request.
  Time since last request: 28.447679 seconds.
  path: Assets/Character/Character.cs
  artifactKey: Guid(c79b85bf11bf6234aab9f5590b3ce2d1) Importer(815301076,1909f56bfc062723c751e8b465ee728b)
Start importing Assets/Character/Character.cs using Guid(c79b85bf11bf6234aab9f5590b3ce2d1) Importer(815301076,1909f56bfc062723c751e8b465ee728b)  -> (artifact id: '6aba057836ca73786dbdfa9b9020b3f4') in 0.001871 seconds 
  Import took 0.004359 seconds .

========================================================================
Received Import Request.
  Time since last request: 31.045673 seconds.
  path: Assets/Character/Character.cs
  artifactKey: Guid(c79b85bf11bf6234aab9f5590b3ce2d1) Importer(815301076,1909f56bfc062723c751e8b465ee728b)
Start importing Assets/Character/Character.cs using Guid(c79b85bf11bf6234aab9f5590b3ce2d1) Importer(815301076,1909f56bfc062723c751e8b465ee728b)  -> (artifact id: 'a7395d2e160ae464ad300fd43f02fc63') in 0.002101 seconds 
  Import took 0.004749 seconds .

========================================================================
Received Import Request.
  Time since last request: 8.845968 seconds.
  path: Assets/Character/Character.cs
  artifactKey: Guid(c79b85bf11bf6234aab9f5590b3ce2d1) Importer(815301076,1909f56bfc062723c751e8b465ee728b)
Start importing Assets/Character/Character.cs using Guid(c79b85bf11bf6234aab9f5590b3ce2d1) Importer(815301076,1909f56bfc062723c751e8b465ee728b)  -> (artifact id: '156f0b8e9b3dc5cc63895828b9040ea3') in 0.002066 seconds 
  Import took 0.006994 seconds .

========================================================================
Received Import Request.
  Time since last request: 44.176341 seconds.
  path: Assets/Character/Character.cs
  artifactKey: Guid(c79b85bf11bf6234aab9f5590b3ce2d1) Importer(815301076,1909f56bfc062723c751e8b465ee728b)
Start importing Assets/Character/Character.cs using Guid(c79b85bf11bf6234aab9f5590b3ce2d1) Importer(815301076,1909f56bfc062723c751e8b465ee728b)  -> (artifact id: '8089fac81a605c4a0f8e1766cf352047') in 0.002415 seconds 
  Import took 0.005345 seconds .

========================================================================
Received Import Request.
  Time since last request: 6.163679 seconds.
  path: Assets/Character/Character.cs
  artifactKey: Guid(c79b85bf11bf6234aab9f5590b3ce2d1) Importer(815301076,1909f56bfc062723c751e8b465ee728b)
Start importing Assets/Character/Character.cs using Guid(c79b85bf11bf6234aab9f5590b3ce2d1) Importer(815301076,1909f56bfc062723c751e8b465ee728b)  -> (artifact id: '2575a0ebfab73b3a354cbfc9a413c3fb') in 0.001922 seconds 
  Import took 0.011929 seconds .

========================================================================
Received Import Request.
  Time since last request: 5.445132 seconds.
  path: Assets/Character/Character.cs
  artifactKey: Guid(c79b85bf11bf6234aab9f5590b3ce2d1) Importer(815301076,1909f56bfc062723c751e8b465ee728b)
Start importing Assets/Character/Character.cs using Guid(c79b85bf11bf6234aab9f5590b3ce2d1) Importer(815301076,1909f56bfc062723c751e8b465ee728b)  -> (artifact id: 'bb2f6036a602089fc2aa8d4a1f902e8b') in 0.002041 seconds 
  Import took 0.004601 seconds .

========================================================================
Received Import Request.
  Time since last request: 6.453932 seconds.
  path: Assets/Character/Character.cs
  artifactKey: Guid(c79b85bf11bf6234aab9f5590b3ce2d1) Importer(815301076,1909f56bfc062723c751e8b465ee728b)
Start importing Assets/Character/Character.cs using Guid(c79b85bf11bf6234aab9f5590b3ce2d1) Importer(815301076,1909f56bfc062723c751e8b465ee728b)  -> (artifact id: 'c02c975354e9b9bab4e8a281b792a00a') in 0.001811 seconds 
  Import took 0.014502 seconds .

========================================================================
Received Import Request.
  Time since last request: 11.525835 seconds.
  path: Assets/Character/Character.cs
  artifactKey: Guid(c79b85bf11bf6234aab9f5590b3ce2d1) Importer(815301076,1909f56bfc062723c751e8b465ee728b)
Start importing Assets/Character/Character.cs using Guid(c79b85bf11bf6234aab9f5590b3ce2d1) Importer(815301076,1909f56bfc062723c751e8b465ee728b)  -> (artifact id: 'f1a72243367fbe0ea6b39ff3f7f5caa5') in 0.001853 seconds 
  Import took 0.010510 seconds .

========================================================================
Received Import Request.
  Time since last request: 16.493831 seconds.
  path: Assets/Character/Character.cs
  artifactKey: Guid(c79b85bf11bf6234aab9f5590b3ce2d1) Importer(815301076,1909f56bfc062723c751e8b465ee728b)
Start importing Assets/Character/Character.cs using Guid(c79b85bf11bf6234aab9f5590b3ce2d1) Importer(815301076,1909f56bfc062723c751e8b465ee728b)  -> (artifact id: '72c6e4f0a1c24a298ff041317993c137') in 0.001882 seconds 
  Import took 0.011602 seconds .

========================================================================
Received Import Request.
  Time since last request: 1.757236 seconds.
  path: Assets/Character/Character.cs
  artifactKey: Guid(c79b85bf11bf6234aab9f5590b3ce2d1) Importer(815301076,1909f56bfc062723c751e8b465ee728b)
Start importing Assets/Character/Character.cs using Guid(c79b85bf11bf6234aab9f5590b3ce2d1) Importer(815301076,1909f56bfc062723c751e8b465ee728b)  -> (artifact id: '60f44a066e244b3946491a58a29de9a9') in 0.001801 seconds 
  Import took 0.012927 seconds .

========================================================================
Received Import Request.
  Time since last request: 3.266727 seconds.
  path: Assets/Character/Character.cs
  artifactKey: Guid(c79b85bf11bf6234aab9f5590b3ce2d1) Importer(815301076,1909f56bfc062723c751e8b465ee728b)
Start importing Assets/Character/Character.cs using Guid(c79b85bf11bf6234aab9f5590b3ce2d1) Importer(815301076,1909f56bfc062723c751e8b465ee728b)  -> (artifact id: '5c2ccb65267f973af45ea82b9349f304') in 0.002194 seconds 
  Import took 0.016233 seconds .

========================================================================
Received Import Request.
  Time since last request: 28.651508 seconds.
  path: Assets/Character/Character.cs
  artifactKey: Guid(c79b85bf11bf6234aab9f5590b3ce2d1) Importer(815301076,1909f56bfc062723c751e8b465ee728b)
Start importing Assets/Character/Character.cs using Guid(c79b85bf11bf6234aab9f5590b3ce2d1) Importer(815301076,1909f56bfc062723c751e8b465ee728b)  -> (artifact id: '03d731cb4ce1022312b5aed499271e0d') in 0.002035 seconds 
  Import took 0.004513 seconds .

========================================================================
Received Import Request.
  Time since last request: 15.496860 seconds.
  path: Assets/Character/Character.cs
  artifactKey: Guid(c79b85bf11bf6234aab9f5590b3ce2d1) Importer(815301076,1909f56bfc062723c751e8b465ee728b)
Start importing Assets/Character/Character.cs using Guid(c79b85bf11bf6234aab9f5590b3ce2d1) Importer(815301076,1909f56bfc062723c751e8b465ee728b)  -> (artifact id: '10dafad3a38615d0191f16d8338cdf4d') in 0.001711 seconds 
  Import took 0.004229 seconds .

========================================================================
Received Import Request.
  Time since last request: 5.042515 seconds.
  path: Assets/Character/Character.cs
  artifactKey: Guid(c79b85bf11bf6234aab9f5590b3ce2d1) Importer(815301076,1909f56bfc062723c751e8b465ee728b)
Start importing Assets/Character/Character.cs using Guid(c79b85bf11bf6234aab9f5590b3ce2d1) Importer(815301076,1909f56bfc062723c751e8b465ee728b)  -> (artifact id: '64cbf34bffada1eefb896a04b2da9088') in 0.002252 seconds 
  Import took 0.015158 seconds .

========================================================================
Received Import Request.
  Time since last request: 13.115287 seconds.
  path: Assets/Character/Character.cs
  artifactKey: Guid(c79b85bf11bf6234aab9f5590b3ce2d1) Importer(815301076,1909f56bfc062723c751e8b465ee728b)
Start importing Assets/Character/Character.cs using Guid(c79b85bf11bf6234aab9f5590b3ce2d1) Importer(815301076,1909f56bfc062723c751e8b465ee728b)  -> (artifact id: '8c9e7e38fe5a254d5c16368a5cbbee3a') in 0.001912 seconds 
  Import took 0.009994 seconds .

========================================================================
Received Import Request.
  Time since last request: 80.588085 seconds.
  path: Assets/Character/Character.cs
  artifactKey: Guid(c79b85bf11bf6234aab9f5590b3ce2d1) Importer(815301076,1909f56bfc062723c751e8b465ee728b)
Start importing Assets/Character/Character.cs using Guid(c79b85bf11bf6234aab9f5590b3ce2d1) Importer(815301076,1909f56bfc062723c751e8b465ee728b)  -> (artifact id: 'b9e76f82dc2ac14ec2b0f516219740e8') in 0.001842 seconds 
  Import took 0.012873 seconds .

========================================================================
Received Import Request.
  Time since last request: 2.551961 seconds.
  path: Assets/Character/Character.cs
  artifactKey: Guid(c79b85bf11bf6234aab9f5590b3ce2d1) Importer(815301076,1909f56bfc062723c751e8b465ee728b)
Start importing Assets/Character/Character.cs using Guid(c79b85bf11bf6234aab9f5590b3ce2d1) Importer(815301076,1909f56bfc062723c751e8b465ee728b)  -> (artifact id: '40613b42aed4d1156978758cbed4e433') in 0.001789 seconds 
  Import took 0.004669 seconds .

========================================================================
Received Import Request.
  Time since last request: 20.200824 seconds.
  path: Assets/Character/Character.cs
  artifactKey: Guid(c79b85bf11bf6234aab9f5590b3ce2d1) Importer(815301076,1909f56bfc062723c751e8b465ee728b)
Start importing Assets/Character/Character.cs using Guid(c79b85bf11bf6234aab9f5590b3ce2d1) Importer(815301076,1909f56bfc062723c751e8b465ee728b)  -> (artifact id: '2ada46da8b6aab31c21af012ab8fede4') in 0.002067 seconds 
  Import took 0.012154 seconds .

========================================================================
Received Import Request.
  Time since last request: 32.136632 seconds.
  path: Assets/Character/Character.cs
  artifactKey: Guid(c79b85bf11bf6234aab9f5590b3ce2d1) Importer(815301076,1909f56bfc062723c751e8b465ee728b)
Start importing Assets/Character/Character.cs using Guid(c79b85bf11bf6234aab9f5590b3ce2d1) Importer(815301076,1909f56bfc062723c751e8b465ee728b)  -> (artifact id: 'e39171d0bd9dbafb110320e5185f1a27') in 0.001874 seconds 
  Import took 0.004311 seconds .

========================================================================
Received Import Request.
  Time since last request: 7.134025 seconds.
  path: Assets/Character/Character.cs
  artifactKey: Guid(c79b85bf11bf6234aab9f5590b3ce2d1) Importer(815301076,1909f56bfc062723c751e8b465ee728b)
Start importing Assets/Character/Character.cs using Guid(c79b85bf11bf6234aab9f5590b3ce2d1) Importer(815301076,1909f56bfc062723c751e8b465ee728b)  -> (artifact id: '1f4fb86bc6ef7ddd1837151287b0c340') in 0.001961 seconds 
  Import took 0.016744 seconds .

========================================================================
Received Import Request.
  Time since last request: 184.466682 seconds.
  path: Assets/Character/Character.cs
  artifactKey: Guid(c79b85bf11bf6234aab9f5590b3ce2d1) Importer(815301076,1909f56bfc062723c751e8b465ee728b)
Start importing Assets/Character/Character.cs using Guid(c79b85bf11bf6234aab9f5590b3ce2d1) Importer(815301076,1909f56bfc062723c751e8b465ee728b)  -> (artifact id: '800cd55cc580818d5aa10c8d1fe87720') in 0.002040 seconds 
  Import took 0.021936 seconds .

========================================================================
Received Import Request.
  Time since last request: 17.092586 seconds.
  path: Assets/Character/Character.cs
  artifactKey: Guid(c79b85bf11bf6234aab9f5590b3ce2d1) Importer(815301076,1909f56bfc062723c751e8b465ee728b)
Start importing Assets/Character/Character.cs using Guid(c79b85bf11bf6234aab9f5590b3ce2d1) Importer(815301076,1909f56bfc062723c751e8b465ee728b)  -> (artifact id: 'fcaf55c082ecfdae1d6f730815231c43') in 0.001795 seconds 
  Import took 0.011632 seconds .

========================================================================
Received Import Request.
  Time since last request: 4.458670 seconds.
  path: Assets/Character/Character.cs
  artifactKey: Guid(c79b85bf11bf6234aab9f5590b3ce2d1) Importer(815301076,1909f56bfc062723c751e8b465ee728b)
Start importing Assets/Character/Character.cs using Guid(c79b85bf11bf6234aab9f5590b3ce2d1) Importer(815301076,1909f56bfc062723c751e8b465ee728b)  -> (artifact id: 'fbfae228afaa1567ebb48e2241330c56') in 0.001858 seconds 
  Import took 0.004854 seconds .

========================================================================
Received Import Request.
  Time since last request: 15.518476 seconds.
  path: Assets/Character/Character.cs
  artifactKey: Guid(c79b85bf11bf6234aab9f5590b3ce2d1) Importer(815301076,1909f56bfc062723c751e8b465ee728b)
Start importing Assets/Character/Character.cs using Guid(c79b85bf11bf6234aab9f5590b3ce2d1) Importer(815301076,1909f56bfc062723c751e8b465ee728b)  -> (artifact id: '62c1fead5fad7aebed589dd56f6a6d4e') in 0.001785 seconds 
  Import took 0.004250 seconds .

========================================================================
Received Import Request.
  Time since last request: 53.151469 seconds.
  path: Assets/Character/Character.cs
  artifactKey: Guid(c79b85bf11bf6234aab9f5590b3ce2d1) Importer(815301076,1909f56bfc062723c751e8b465ee728b)
Start importing Assets/Character/Character.cs using Guid(c79b85bf11bf6234aab9f5590b3ce2d1) Importer(815301076,1909f56bfc062723c751e8b465ee728b)  -> (artifact id: '380eea7bbce347b2c4d25778022d12a9') in 0.002101 seconds 
  Import took 0.010269 seconds .

========================================================================
Received Import Request.
  Time since last request: 75.654693 seconds.
  path: Assets/Character/Character.cs
  artifactKey: Guid(c79b85bf11bf6234aab9f5590b3ce2d1) Importer(815301076,1909f56bfc062723c751e8b465ee728b)
Start importing Assets/Character/Character.cs using Guid(c79b85bf11bf6234aab9f5590b3ce2d1) Importer(815301076,1909f56bfc062723c751e8b465ee728b)  -> (artifact id: '98d2453e65f180a0190f2a3b022d4ac0') in 0.002070 seconds 
  Import took 0.013760 seconds .

========================================================================
Received Import Request.
  Time since last request: 7.534048 seconds.
  path: Assets/Character/Character.cs
  artifactKey: Guid(c79b85bf11bf6234aab9f5590b3ce2d1) Importer(815301076,1909f56bfc062723c751e8b465ee728b)
Start importing Assets/Character/Character.cs using Guid(c79b85bf11bf6234aab9f5590b3ce2d1) Importer(815301076,1909f56bfc062723c751e8b465ee728b)  -> (artifact id: '454edf981e25882b74818347d40c0a07') in 0.001972 seconds 
  Import took 0.004999 seconds .

========================================================================
Received Import Request.
  Time since last request: 52.311616 seconds.
  path: Assets/Character/Character.cs
  artifactKey: Guid(c79b85bf11bf6234aab9f5590b3ce2d1) Importer(815301076,1909f56bfc062723c751e8b465ee728b)
Start importing Assets/Character/Character.cs using Guid(c79b85bf11bf6234aab9f5590b3ce2d1) Importer(815301076,1909f56bfc062723c751e8b465ee728b)  -> (artifact id: 'fa1acaa176ad861635e1af0e5c5eb3bc') in 0.001886 seconds 
  Import took 0.021562 seconds .

========================================================================
Received Import Request.
  Time since last request: 7.430938 seconds.
  path: Assets/Character/Character.cs
  artifactKey: Guid(c79b85bf11bf6234aab9f5590b3ce2d1) Importer(815301076,1909f56bfc062723c751e8b465ee728b)
Start importing Assets/Character/Character.cs using Guid(c79b85bf11bf6234aab9f5590b3ce2d1) Importer(815301076,1909f56bfc062723c751e8b465ee728b)  -> (artifact id: 'f4c3723e6f1d79d717da71a43d47d9b2') in 0.002392 seconds 
  Import took 0.013266 seconds .

========================================================================
Received Import Request.
  Time since last request: 92.538725 seconds.
  path: Assets/Character/Character.cs
  artifactKey: Guid(c79b85bf11bf6234aab9f5590b3ce2d1) Importer(815301076,1909f56bfc062723c751e8b465ee728b)
Start importing Assets/Character/Character.cs using Guid(c79b85bf11bf6234aab9f5590b3ce2d1) Importer(815301076,1909f56bfc062723c751e8b465ee728b)  -> (artifact id: '5f59d287300560e22c7673daddc7ad7e') in 0.001895 seconds 
  Import took 0.004787 seconds .

========================================================================
Received Import Request.
  Time since last request: 33.338882 seconds.
  path: Assets/Character/Character.cs
  artifactKey: Guid(c79b85bf11bf6234aab9f5590b3ce2d1) Importer(815301076,1909f56bfc062723c751e8b465ee728b)
Start importing Assets/Character/Character.cs using Guid(c79b85bf11bf6234aab9f5590b3ce2d1) Importer(815301076,1909f56bfc062723c751e8b465ee728b)  -> (artifact id: '8e3951bd6076d0f5e66d3be8ac7e4bd6') in 0.001735 seconds 
  Import took 0.004119 seconds .

========================================================================
Received Import Request.
  Time since last request: 38.971992 seconds.
  path: Assets/Character/Character.cs
  artifactKey: Guid(c79b85bf11bf6234aab9f5590b3ce2d1) Importer(815301076,1909f56bfc062723c751e8b465ee728b)
Start importing Assets/Character/Character.cs using Guid(c79b85bf11bf6234aab9f5590b3ce2d1) Importer(815301076,1909f56bfc062723c751e8b465ee728b)  -> (artifact id: '79001cc3cab64fdd3f9c3caf52c869f4') in 0.001901 seconds 
  Import took 0.011023 seconds .

========================================================================
Received Import Request.
  Time since last request: 20.979598 seconds.
  path: Assets/Character/Character.cs
  artifactKey: Guid(c79b85bf11bf6234aab9f5590b3ce2d1) Importer(815301076,1909f56bfc062723c751e8b465ee728b)
Start importing Assets/Character/Character.cs using Guid(c79b85bf11bf6234aab9f5590b3ce2d1) Importer(815301076,1909f56bfc062723c751e8b465ee728b)  -> (artifact id: 'f08d2b98306e8c9ef00655a0cb603572') in 0.001726 seconds 
  Import took 0.022660 seconds .

========================================================================
Received Import Request.
  Time since last request: 7.457597 seconds.
  path: Assets/Character/Character.cs
  artifactKey: Guid(c79b85bf11bf6234aab9f5590b3ce2d1) Importer(815301076,1909f56bfc062723c751e8b465ee728b)
Start importing Assets/Character/Character.cs using Guid(c79b85bf11bf6234aab9f5590b3ce2d1) Importer(815301076,1909f56bfc062723c751e8b465ee728b)  -> (artifact id: '89b5de4617d17d28f25908c79234f8bd') in 0.002158 seconds 
  Import took 0.004665 seconds .

========================================================================
Received Import Request.
  Time since last request: 6.451972 seconds.
  path: Assets/Character/Character.cs
  artifactKey: Guid(c79b85bf11bf6234aab9f5590b3ce2d1) Importer(815301076,1909f56bfc062723c751e8b465ee728b)
Start importing Assets/Character/Character.cs using Guid(c79b85bf11bf6234aab9f5590b3ce2d1) Importer(815301076,1909f56bfc062723c751e8b465ee728b)  -> (artifact id: '347452723b73effa41c19d12d37966e0') in 0.002188 seconds 
  Import took 0.009847 seconds .

========================================================================
Received Import Request.
  Time since last request: 40.791855 seconds.
  path: Assets/Character/Character.cs
  artifactKey: Guid(c79b85bf11bf6234aab9f5590b3ce2d1) Importer(815301076,1909f56bfc062723c751e8b465ee728b)
Start importing Assets/Character/Character.cs using Guid(c79b85bf11bf6234aab9f5590b3ce2d1) Importer(815301076,1909f56bfc062723c751e8b465ee728b)  -> (artifact id: 'a5ed2b854b0b11b311e4bc6f26342535') in 0.001926 seconds 
  Import took 0.004356 seconds .

========================================================================
Received Import Request.
  Time since last request: 38.695857 seconds.
  path: Assets/Character/Character.cs
  artifactKey: Guid(c79b85bf11bf6234aab9f5590b3ce2d1) Importer(815301076,1909f56bfc062723c751e8b465ee728b)
Start importing Assets/Character/Character.cs using Guid(c79b85bf11bf6234aab9f5590b3ce2d1) Importer(815301076,1909f56bfc062723c751e8b465ee728b)  -> (artifact id: '7ae7ab3dc2e4eea22ecaf95b920d38eb') in 0.002068 seconds 
  Import took 0.015071 seconds .

========================================================================
Received Import Request.
  Time since last request: 3.552019 seconds.
  path: Assets/Character/Character.cs
  artifactKey: Guid(c79b85bf11bf6234aab9f5590b3ce2d1) Importer(815301076,1909f56bfc062723c751e8b465ee728b)
Start importing Assets/Character/Character.cs using Guid(c79b85bf11bf6234aab9f5590b3ce2d1) Importer(815301076,1909f56bfc062723c751e8b465ee728b)  -> (artifact id: '43f347d94d30f365abd3a92b1b79e373') in 0.001865 seconds 
  Import took 0.004420 seconds .

========================================================================
Received Import Request.
  Time since last request: 8.132067 seconds.
  path: Assets/Character/Character.cs
  artifactKey: Guid(c79b85bf11bf6234aab9f5590b3ce2d1) Importer(815301076,1909f56bfc062723c751e8b465ee728b)
Start importing Assets/Character/Character.cs using Guid(c79b85bf11bf6234aab9f5590b3ce2d1) Importer(815301076,1909f56bfc062723c751e8b465ee728b)  -> (artifact id: 'c50b55dfee1322fe023550d275147cb6') in 0.001866 seconds 
  Import took 0.004428 seconds .

========================================================================
Received Import Request.
  Time since last request: 10.725043 seconds.
  path: Assets/Character/Character.cs
  artifactKey: Guid(c79b85bf11bf6234aab9f5590b3ce2d1) Importer(815301076,1909f56bfc062723c751e8b465ee728b)
Start importing Assets/Character/Character.cs using Guid(c79b85bf11bf6234aab9f5590b3ce2d1) Importer(815301076,1909f56bfc062723c751e8b465ee728b)  -> (artifact id: '701bb9655a3aa3ea395181afa5fd857f') in 0.001772 seconds 
  Import took 0.004242 seconds .

========================================================================
Received Import Request.
  Time since last request: 6.750541 seconds.
  path: Assets/Character/Character.cs
  artifactKey: Guid(c79b85bf11bf6234aab9f5590b3ce2d1) Importer(815301076,1909f56bfc062723c751e8b465ee728b)
Start importing Assets/Character/Character.cs using Guid(c79b85bf11bf6234aab9f5590b3ce2d1) Importer(815301076,1909f56bfc062723c751e8b465ee728b)  -> (artifact id: 'a203bf5a79bf0cace50a928537ac83aa') in 0.002119 seconds 
  Import took 0.009614 seconds .

========================================================================
Received Import Request.
  Time since last request: 2.654148 seconds.
  path: Assets/Character/Character.cs
  artifactKey: Guid(c79b85bf11bf6234aab9f5590b3ce2d1) Importer(815301076,1909f56bfc062723c751e8b465ee728b)
Start importing Assets/Character/Character.cs using Guid(c79b85bf11bf6234aab9f5590b3ce2d1) Importer(815301076,1909f56bfc062723c751e8b465ee728b)  -> (artifact id: 'aac45bb66ddfd3a097aaa0881f11ce9e') in 0.002149 seconds 
  Import took 0.011464 seconds .

========================================================================
Received Import Request.
  Time since last request: 140.679978 seconds.
  path: Assets/Character/Character.cs
  artifactKey: Guid(c79b85bf11bf6234aab9f5590b3ce2d1) Importer(815301076,1909f56bfc062723c751e8b465ee728b)
Start importing Assets/Character/Character.cs using Guid(c79b85bf11bf6234aab9f5590b3ce2d1) Importer(815301076,1909f56bfc062723c751e8b465ee728b)  -> (artifact id: '26e8030e4c2ba5f79579e26c25d9e6ee') in 0.001804 seconds 
  Import took 0.004847 seconds .

========================================================================
Received Import Request.
  Time since last request: 168.984029 seconds.
  path: Assets/Character/Character.cs
  artifactKey: Guid(c79b85bf11bf6234aab9f5590b3ce2d1) Importer(815301076,1909f56bfc062723c751e8b465ee728b)
Start importing Assets/Character/Character.cs using Guid(c79b85bf11bf6234aab9f5590b3ce2d1) Importer(815301076,1909f56bfc062723c751e8b465ee728b)  -> (artifact id: '95194319bb54f21b35e405265bfa7127') in 0.001982 seconds 
  Import took 0.014597 seconds .

========================================================================
Received Import Request.
  Time since last request: 28.443753 seconds.
  path: Assets/Character/Character.cs
  artifactKey: Guid(c79b85bf11bf6234aab9f5590b3ce2d1) Importer(815301076,1909f56bfc062723c751e8b465ee728b)
Start importing Assets/Character/Character.cs using Guid(c79b85bf11bf6234aab9f5590b3ce2d1) Importer(815301076,1909f56bfc062723c751e8b465ee728b)  -> (artifact id: 'a254b94301ad0c3ddd88a9790d54196d') in 0.001737 seconds 
  Import took 0.004349 seconds .

========================================================================
Received Import Request.
  Time since last request: 38.401434 seconds.
  path: Assets/Character/Character.cs
  artifactKey: Guid(c79b85bf11bf6234aab9f5590b3ce2d1) Importer(815301076,1909f56bfc062723c751e8b465ee728b)
Start importing Assets/Character/Character.cs using Guid(c79b85bf11bf6234aab9f5590b3ce2d1) Importer(815301076,1909f56bfc062723c751e8b465ee728b)  -> (artifact id: '8696c8bb6fcfb08c7b60e215adf8c7d0') in 0.002101 seconds 
  Import took 0.017045 seconds .

========================================================================
Received Import Request.
  Time since last request: 13.693178 seconds.
  path: Assets/Character/Character.cs
  artifactKey: Guid(c79b85bf11bf6234aab9f5590b3ce2d1) Importer(815301076,1909f56bfc062723c751e8b465ee728b)
Start importing Assets/Character/Character.cs using Guid(c79b85bf11bf6234aab9f5590b3ce2d1) Importer(815301076,1909f56bfc062723c751e8b465ee728b)  -> (artifact id: '1e498294121af2527372ad7d23c5dd55') in 0.001859 seconds 
  Import took 0.004432 seconds .

========================================================================
Received Import Request.
  Time since last request: 104.642908 seconds.
  path: Assets/Character/Character.cs
  artifactKey: Guid(c79b85bf11bf6234aab9f5590b3ce2d1) Importer(815301076,1909f56bfc062723c751e8b465ee728b)
Start importing Assets/Character/Character.cs using Guid(c79b85bf11bf6234aab9f5590b3ce2d1) Importer(815301076,1909f56bfc062723c751e8b465ee728b)  -> (artifact id: 'bed157659163aa5cd85f17eac1b79589') in 0.001868 seconds 
  Import took 0.004391 seconds .

========================================================================
Received Import Request.
  Time since last request: 28.849200 seconds.
  path: Assets/Character/Character.cs
  artifactKey: Guid(c79b85bf11bf6234aab9f5590b3ce2d1) Importer(815301076,1909f56bfc062723c751e8b465ee728b)
Start importing Assets/Character/Character.cs using Guid(c79b85bf11bf6234aab9f5590b3ce2d1) Importer(815301076,1909f56bfc062723c751e8b465ee728b)  -> (artifact id: 'c042f4ebd2ff77a67aeec33ad56eeff0') in 0.002054 seconds 
  Import took 0.004591 seconds .

========================================================================
Received Import Request.
  Time since last request: 13.708272 seconds.
  path: Assets/Character/Character.cs
  artifactKey: Guid(c79b85bf11bf6234aab9f5590b3ce2d1) Importer(815301076,1909f56bfc062723c751e8b465ee728b)
Start importing Assets/Character/Character.cs using Guid(c79b85bf11bf6234aab9f5590b3ce2d1) Importer(815301076,1909f56bfc062723c751e8b465ee728b)  -> (artifact id: 'e758a96bbcbe7953e8a780209284aed6') in 0.002113 seconds 
  Import took 0.014871 seconds .

========================================================================
Received Import Request.
  Time since last request: 44.786341 seconds.
  path: Assets/Character/Character.cs
  artifactKey: Guid(c79b85bf11bf6234aab9f5590b3ce2d1) Importer(815301076,1909f56bfc062723c751e8b465ee728b)
Start importing Assets/Character/Character.cs using Guid(c79b85bf11bf6234aab9f5590b3ce2d1) Importer(815301076,1909f56bfc062723c751e8b465ee728b)  -> (artifact id: 'd4ab44c52de852b115da9b10c8942e7d') in 0.002213 seconds 
  Import took 0.004758 seconds .

========================================================================
Received Import Request.
  Time since last request: 19.493944 seconds.
  path: Assets/Character/Character.cs
  artifactKey: Guid(c79b85bf11bf6234aab9f5590b3ce2d1) Importer(815301076,1909f56bfc062723c751e8b465ee728b)
Start importing Assets/Character/Character.cs using Guid(c79b85bf11bf6234aab9f5590b3ce2d1) Importer(815301076,1909f56bfc062723c751e8b465ee728b)  -> (artifact id: 'f750696c171a1814bae872b388bef7c2') in 0.001848 seconds 
  Import took 0.010510 seconds .

========================================================================
Received Import Request.
  Time since last request: 29.444146 seconds.
  path: Assets/Character/Character.cs
  artifactKey: Guid(c79b85bf11bf6234aab9f5590b3ce2d1) Importer(815301076,1909f56bfc062723c751e8b465ee728b)
Start importing Assets/Character/Character.cs using Guid(c79b85bf11bf6234aab9f5590b3ce2d1) Importer(815301076,1909f56bfc062723c751e8b465ee728b)  -> (artifact id: '942f5951cc1b312812b04c01e4e89772') in 0.002014 seconds 
  Import took 0.004500 seconds .

========================================================================
Received Import Request.
  Time since last request: 5.545078 seconds.
  path: Assets/Character/Character.cs
  artifactKey: Guid(c79b85bf11bf6234aab9f5590b3ce2d1) Importer(815301076,1909f56bfc062723c751e8b465ee728b)
Start importing Assets/Character/Character.cs using Guid(c79b85bf11bf6234aab9f5590b3ce2d1) Importer(815301076,1909f56bfc062723c751e8b465ee728b)  -> (artifact id: '0b2efa06609bcefb5c1c433823fd708e') in 0.001732 seconds 
  Import took 0.004118 seconds .

========================================================================
Received Import Request.
  Time since last request: 9.741733 seconds.
  path: Assets/Character/Character.cs
  artifactKey: Guid(c79b85bf11bf6234aab9f5590b3ce2d1) Importer(815301076,1909f56bfc062723c751e8b465ee728b)
Start importing Assets/Character/Character.cs using Guid(c79b85bf11bf6234aab9f5590b3ce2d1) Importer(815301076,1909f56bfc062723c751e8b465ee728b)  -> (artifact id: 'd4ec32481125f1b8b8ddf22824a99210') in 0.001887 seconds 
  Import took 0.004565 seconds .

========================================================================
Received Import Request.
  Time since last request: 16.994080 seconds.
  path: Assets/Character/Character.cs
  artifactKey: Guid(c79b85bf11bf6234aab9f5590b3ce2d1) Importer(815301076,1909f56bfc062723c751e8b465ee728b)
Start importing Assets/Character/Character.cs using Guid(c79b85bf11bf6234aab9f5590b3ce2d1) Importer(815301076,1909f56bfc062723c751e8b465ee728b)  -> (artifact id: '04fe84fcfb843c14276ed034ec70126e') in 0.001880 seconds 
  Import took 0.013507 seconds .

========================================================================
Received Import Request.
  Time since last request: 26.457710 seconds.
  path: Assets/Character/Character.cs
  artifactKey: Guid(c79b85bf11bf6234aab9f5590b3ce2d1) Importer(815301076,1909f56bfc062723c751e8b465ee728b)
Start importing Assets/Character/Character.cs using Guid(c79b85bf11bf6234aab9f5590b3ce2d1) Importer(815301076,1909f56bfc062723c751e8b465ee728b)  -> (artifact id: '4acfa174d6aef66778201294a0edada5') in 0.002004 seconds 
  Import took 0.004994 seconds .

========================================================================
Received Import Request.
  Time since last request: 11.329679 seconds.
  path: Assets/Character/Character.cs
  artifactKey: Guid(c79b85bf11bf6234aab9f5590b3ce2d1) Importer(815301076,1909f56bfc062723c751e8b465ee728b)
Start importing Assets/Character/Character.cs using Guid(c79b85bf11bf6234aab9f5590b3ce2d1) Importer(815301076,1909f56bfc062723c751e8b465ee728b)  -> (artifact id: '561d379bc84de9b1d621a1b7d96409cf') in 0.001936 seconds 
  Import took 0.009798 seconds .

========================================================================
Received Import Request.
  Time since last request: 22.671326 seconds.
  path: Assets/Character/Character.cs
  artifactKey: Guid(c79b85bf11bf6234aab9f5590b3ce2d1) Importer(815301076,1909f56bfc062723c751e8b465ee728b)
Start importing Assets/Character/Character.cs using Guid(c79b85bf11bf6234aab9f5590b3ce2d1) Importer(815301076,1909f56bfc062723c751e8b465ee728b)  -> (artifact id: '161f1e38988a54d016c657c8401a2600') in 0.001768 seconds 
  Import took 0.004791 seconds .

========================================================================
Received Import Request.
  Time since last request: 7.634012 seconds.
  path: Assets/Character/Character.cs
  artifactKey: Guid(c79b85bf11bf6234aab9f5590b3ce2d1) Importer(815301076,1909f56bfc062723c751e8b465ee728b)
Start importing Assets/Character/Character.cs using Guid(c79b85bf11bf6234aab9f5590b3ce2d1) Importer(815301076,1909f56bfc062723c751e8b465ee728b)  -> (artifact id: '5eaa839455a25c472c378c6a0d957baa') in 0.001849 seconds 
  Import took 0.004281 seconds .

========================================================================
Received Import Request.
  Time since last request: 4.262615 seconds.
  path: Assets/Character/Character.cs
  artifactKey: Guid(c79b85bf11bf6234aab9f5590b3ce2d1) Importer(815301076,1909f56bfc062723c751e8b465ee728b)
Start importing Assets/Character/Character.cs using Guid(c79b85bf11bf6234aab9f5590b3ce2d1) Importer(815301076,1909f56bfc062723c751e8b465ee728b)  -> (artifact id: 'c06699b1cf8b2d28ad1e8c36aa52018e') in 0.001821 seconds 
  Import took 0.007687 seconds .

========================================================================
Received Import Request.
  Time since last request: 7.439812 seconds.
  path: Assets/Character/Character.cs
  artifactKey: Guid(c79b85bf11bf6234aab9f5590b3ce2d1) Importer(815301076,1909f56bfc062723c751e8b465ee728b)
Start importing Assets/Character/Character.cs using Guid(c79b85bf11bf6234aab9f5590b3ce2d1) Importer(815301076,1909f56bfc062723c751e8b465ee728b)  -> (artifact id: 'e5464d72c8e6ab9be897a4a5ecf9768c') in 0.001846 seconds 
  Import took 0.004496 seconds .

========================================================================
Received Import Request.
  Time since last request: 12.129830 seconds.
  path: Assets/Character/Character.cs
  artifactKey: Guid(c79b85bf11bf6234aab9f5590b3ce2d1) Importer(815301076,1909f56bfc062723c751e8b465ee728b)
Start importing Assets/Character/Character.cs using Guid(c79b85bf11bf6234aab9f5590b3ce2d1) Importer(815301076,1909f56bfc062723c751e8b465ee728b)  -> (artifact id: 'fa49eb11856d72040297806cf67156be') in 0.002090 seconds 
  Import took 0.004692 seconds .

========================================================================
Received Import Request.
  Time since last request: 13.715744 seconds.
  path: Assets/Character/Character.cs
  artifactKey: Guid(c79b85bf11bf6234aab9f5590b3ce2d1) Importer(815301076,1909f56bfc062723c751e8b465ee728b)
Start importing Assets/Character/Character.cs using Guid(c79b85bf11bf6234aab9f5590b3ce2d1) Importer(815301076,1909f56bfc062723c751e8b465ee728b)  -> (artifact id: '762a20dd079b07d081f70587e5dc2b24') in 0.001944 seconds 
  Import took 0.004758 seconds .

========================================================================
Received Import Request.
  Time since last request: 6.150055 seconds.
  path: Assets/Character/Character.cs
  artifactKey: Guid(c79b85bf11bf6234aab9f5590b3ce2d1) Importer(815301076,1909f56bfc062723c751e8b465ee728b)
Start importing Assets/Character/Character.cs using Guid(c79b85bf11bf6234aab9f5590b3ce2d1) Importer(815301076,1909f56bfc062723c751e8b465ee728b)  -> (artifact id: 'b890ee133006e7774b6e1eaac01674e2') in 0.002132 seconds 
  Import took 0.005288 seconds .

========================================================================
Received Import Request.
  Time since last request: 5.652291 seconds.
  path: Assets/Character/Character.cs
  artifactKey: Guid(c79b85bf11bf6234aab9f5590b3ce2d1) Importer(815301076,1909f56bfc062723c751e8b465ee728b)
Start importing Assets/Character/Character.cs using Guid(c79b85bf11bf6234aab9f5590b3ce2d1) Importer(815301076,1909f56bfc062723c751e8b465ee728b)  -> (artifact id: 'cd103c602e41ba716239518baf562133') in 0.002090 seconds 
  Import took 0.004917 seconds .

========================================================================
Received Import Request.
  Time since last request: 22.787357 seconds.
  path: Assets/Character/Character.cs
  artifactKey: Guid(c79b85bf11bf6234aab9f5590b3ce2d1) Importer(815301076,1909f56bfc062723c751e8b465ee728b)
Start importing Assets/Character/Character.cs using Guid(c79b85bf11bf6234aab9f5590b3ce2d1) Importer(815301076,1909f56bfc062723c751e8b465ee728b)  -> (artifact id: '23f2d53819aefe747cd0ceead12c79f1') in 0.001969 seconds 
  Import took 0.004671 seconds .

========================================================================
Received Import Request.
  Time since last request: 23.374417 seconds.
  path: Assets/Character/Character.cs
  artifactKey: Guid(c79b85bf11bf6234aab9f5590b3ce2d1) Importer(815301076,1909f56bfc062723c751e8b465ee728b)
Start importing Assets/Character/Character.cs using Guid(c79b85bf11bf6234aab9f5590b3ce2d1) Importer(815301076,1909f56bfc062723c751e8b465ee728b)  -> (artifact id: '37ac877dbb4087f07e7b5a7e4d28ff30') in 0.001888 seconds 
  Import took 0.004405 seconds .

========================================================================
Received Import Request.
  Time since last request: 81.322801 seconds.
  path: Assets/Character/Character.cs
  artifactKey: Guid(c79b85bf11bf6234aab9f5590b3ce2d1) Importer(815301076,1909f56bfc062723c751e8b465ee728b)
Start importing Assets/Character/Character.cs using Guid(c79b85bf11bf6234aab9f5590b3ce2d1) Importer(815301076,1909f56bfc062723c751e8b465ee728b)  -> (artifact id: 'c085d36f1d435d9752e87197ef42bf7a') in 0.002071 seconds 
  Import took 0.004600 seconds .

========================================================================
Received Import Request.
  Time since last request: 4.442836 seconds.
  path: Assets/Character/Character.cs
  artifactKey: Guid(c79b85bf11bf6234aab9f5590b3ce2d1) Importer(815301076,1909f56bfc062723c751e8b465ee728b)
Start importing Assets/Character/Character.cs using Guid(c79b85bf11bf6234aab9f5590b3ce2d1) Importer(815301076,1909f56bfc062723c751e8b465ee728b)  -> (artifact id: 'ff0694131348548e5ce336c21b45aece') in 0.001973 seconds 
  Import took 0.004481 seconds .

========================================================================
Received Import Request.
  Time since last request: 7.341513 seconds.
  path: Assets/Character/Character.cs
  artifactKey: Guid(c79b85bf11bf6234aab9f5590b3ce2d1) Importer(815301076,1909f56bfc062723c751e8b465ee728b)
Start importing Assets/Character/Character.cs using Guid(c79b85bf11bf6234aab9f5590b3ce2d1) Importer(815301076,1909f56bfc062723c751e8b465ee728b)  -> (artifact id: '1a6e54fd0f3cf6f2f19b6fbd934b1875') in 0.001960 seconds 
  Import took 0.004975 seconds .

========================================================================
Received Import Request.
  Time since last request: 37.008947 seconds.
  path: Assets/Character/Character.cs
  artifactKey: Guid(c79b85bf11bf6234aab9f5590b3ce2d1) Importer(815301076,1909f56bfc062723c751e8b465ee728b)
Start importing Assets/Character/Character.cs using Guid(c79b85bf11bf6234aab9f5590b3ce2d1) Importer(815301076,1909f56bfc062723c751e8b465ee728b)  -> (artifact id: '5341905e477a882ac7c138f48bf294ee') in 0.001928 seconds 
  Import took 0.006738 seconds .

========================================================================
Received Import Request.
  Time since last request: 404.003082 seconds.
  path: Assets/Character/Character.cs
  artifactKey: Guid(c79b85bf11bf6234aab9f5590b3ce2d1) Importer(815301076,1909f56bfc062723c751e8b465ee728b)
Start importing Assets/Character/Character.cs using Guid(c79b85bf11bf6234aab9f5590b3ce2d1) Importer(815301076,1909f56bfc062723c751e8b465ee728b)  -> (artifact id: '312adea52d19d3ba3562b24fdeca7ae7') in 0.002039 seconds 
  Import took 0.005242 seconds .

========================================================================
Received Import Request.
  Time since last request: 341.713524 seconds.
  path: Assets/Character/Character.cs
  artifactKey: Guid(c79b85bf11bf6234aab9f5590b3ce2d1) Importer(815301076,1909f56bfc062723c751e8b465ee728b)
Start importing Assets/Character/Character.cs using Guid(c79b85bf11bf6234aab9f5590b3ce2d1) Importer(815301076,1909f56bfc062723c751e8b465ee728b)  -> (artifact id: 'ac220df78f07c893ca15c88d6b19ca75') in 0.002017 seconds 
  Import took 0.005755 seconds .

========================================================================
Received Import Request.
  Time since last request: 66.580972 seconds.
  path: Assets/Character/Character.cs
  artifactKey: Guid(c79b85bf11bf6234aab9f5590b3ce2d1) Importer(815301076,1909f56bfc062723c751e8b465ee728b)
Start importing Assets/Character/Character.cs using Guid(c79b85bf11bf6234aab9f5590b3ce2d1) Importer(815301076,1909f56bfc062723c751e8b465ee728b)  -> (artifact id: '47d284df2ecbbc5009b708d75e46ea82') in 0.002060 seconds 
  Import took 0.011398 seconds .

========================================================================
Received Import Request.
  Time since last request: 179.349441 seconds.
  path: Assets/Character/Character.cs
  artifactKey: Guid(c79b85bf11bf6234aab9f5590b3ce2d1) Importer(815301076,1909f56bfc062723c751e8b465ee728b)
Start importing Assets/Character/Character.cs using Guid(c79b85bf11bf6234aab9f5590b3ce2d1) Importer(815301076,1909f56bfc062723c751e8b465ee728b)  -> (artifact id: 'dd167e6bb95a446a2a0a52f146034888') in 0.002250 seconds 
  Import took 0.015666 seconds .

========================================================================
Received Import Request.
  Time since last request: 9.030510 seconds.
  path: Assets/Character/Character.cs
  artifactKey: Guid(c79b85bf11bf6234aab9f5590b3ce2d1) Importer(815301076,1909f56bfc062723c751e8b465ee728b)
Start importing Assets/Character/Character.cs using Guid(c79b85bf11bf6234aab9f5590b3ce2d1) Importer(815301076,1909f56bfc062723c751e8b465ee728b)  -> (artifact id: 'dd5ebb267c405c38d3670c0d839a95eb') in 0.001970 seconds 
  Import took 0.004476 seconds .

========================================================================
Received Import Request.
  Time since last request: 23.271064 seconds.
  path: Assets/Character/Character.cs
  artifactKey: Guid(c79b85bf11bf6234aab9f5590b3ce2d1) Importer(815301076,1909f56bfc062723c751e8b465ee728b)
Start importing Assets/Character/Character.cs using Guid(c79b85bf11bf6234aab9f5590b3ce2d1) Importer(815301076,1909f56bfc062723c751e8b465ee728b)  -> (artifact id: '34187d682802e6915906123aa8a86e30') in 0.001975 seconds 
  Import took 0.004775 seconds .

========================================================================
Received Import Request.
  Time since last request: 8.844539 seconds.
  path: Assets/Character/Character.cs
  artifactKey: Guid(c79b85bf11bf6234aab9f5590b3ce2d1) Importer(815301076,1909f56bfc062723c751e8b465ee728b)
Start importing Assets/Character/Character.cs using Guid(c79b85bf11bf6234aab9f5590b3ce2d1) Importer(815301076,1909f56bfc062723c751e8b465ee728b)  -> (artifact id: '4a37b5ce9b917dcf735d743421899fe4') in 0.001911 seconds 
  Import took 0.004881 seconds .

========================================================================
Received Import Request.
  Time since last request: 62.910672 seconds.
  path: Assets/Character/Character.cs
  artifactKey: Guid(c79b85bf11bf6234aab9f5590b3ce2d1) Importer(815301076,1909f56bfc062723c751e8b465ee728b)
Start importing Assets/Character/Character.cs using Guid(c79b85bf11bf6234aab9f5590b3ce2d1) Importer(815301076,1909f56bfc062723c751e8b465ee728b)  -> (artifact id: 'bf6c7ac3b27e6d71ec8cc4afa83fa315') in 0.002189 seconds 
  Import took 0.005203 seconds .

========================================================================
Received Import Request.
  Time since last request: 8.437076 seconds.
  path: Assets/Character/Character.cs
  artifactKey: Guid(c79b85bf11bf6234aab9f5590b3ce2d1) Importer(815301076,1909f56bfc062723c751e8b465ee728b)
Start importing Assets/Character/Character.cs using Guid(c79b85bf11bf6234aab9f5590b3ce2d1) Importer(815301076,1909f56bfc062723c751e8b465ee728b)  -> (artifact id: '1dcbad896d5a2cd65eab63eb9991ccfd') in 0.001799 seconds 
  Import took 0.004160 seconds .

========================================================================
Received Import Request.
  Time since last request: 61.350958 seconds.
  path: Assets/Character/Character.cs
  artifactKey: Guid(c79b85bf11bf6234aab9f5590b3ce2d1) Importer(815301076,1909f56bfc062723c751e8b465ee728b)
Start importing Assets/Character/Character.cs using Guid(c79b85bf11bf6234aab9f5590b3ce2d1) Importer(815301076,1909f56bfc062723c751e8b465ee728b)  -> (artifact id: 'd08abf96f00fc4c875a6a992650096d0') in 0.002021 seconds 
  Import took 0.005034 seconds .

========================================================================
Received Import Request.
  Time since last request: 17.393044 seconds.
  path: Assets/Character/Character.cs
  artifactKey: Guid(c79b85bf11bf6234aab9f5590b3ce2d1) Importer(815301076,1909f56bfc062723c751e8b465ee728b)
Start importing Assets/Character/Character.cs using Guid(c79b85bf11bf6234aab9f5590b3ce2d1) Importer(815301076,1909f56bfc062723c751e8b465ee728b)  -> (artifact id: '5a323e0fa66dabf7011cf631df28e702') in 0.001977 seconds 
  Import took 0.016055 seconds .

========================================================================
Received Import Request.
  Time since last request: 0.859849 seconds.
  path: Assets/Character/Character.cs
  artifactKey: Guid(c79b85bf11bf6234aab9f5590b3ce2d1) Importer(815301076,1909f56bfc062723c751e8b465ee728b)
Start importing Assets/Character/Character.cs using Guid(c79b85bf11bf6234aab9f5590b3ce2d1) Importer(815301076,1909f56bfc062723c751e8b465ee728b)  -> (artifact id: '19823505f6445ae75bb18998b82eee8a') in 0.002062 seconds 
  Import took 0.004609 seconds .

========================================================================
Received Import Request.
  Time since last request: 11.722005 seconds.
  path: Assets/Character/Character.cs
  artifactKey: Guid(c79b85bf11bf6234aab9f5590b3ce2d1) Importer(815301076,1909f56bfc062723c751e8b465ee728b)
Start importing Assets/Character/Character.cs using Guid(c79b85bf11bf6234aab9f5590b3ce2d1) Importer(815301076,1909f56bfc062723c751e8b465ee728b)  -> (artifact id: 'a94c45f2c4846dc8ffdd312d81166489') in 0.002089 seconds 
  Import took 0.018736 seconds .

========================================================================
Received Import Request.
  Time since last request: 4.232232 seconds.
  path: Assets/Character/Character.cs
  artifactKey: Guid(c79b85bf11bf6234aab9f5590b3ce2d1) Importer(815301076,1909f56bfc062723c751e8b465ee728b)
Start importing Assets/Character/Character.cs using Guid(c79b85bf11bf6234aab9f5590b3ce2d1) Importer(815301076,1909f56bfc062723c751e8b465ee728b)  -> (artifact id: 'f2c0fdd658345ff9643d62350613148f') in 0.001823 seconds 
  Import took 0.004579 seconds .

========================================================================
Received Import Request.
  Time since last request: 34.220801 seconds.
  path: Assets/Character/Character.cs
  artifactKey: Guid(c79b85bf11bf6234aab9f5590b3ce2d1) Importer(815301076,1909f56bfc062723c751e8b465ee728b)
Start importing Assets/Character/Character.cs using Guid(c79b85bf11bf6234aab9f5590b3ce2d1) Importer(815301076,1909f56bfc062723c751e8b465ee728b)  -> (artifact id: 'ba85735bbfd3857fdd93bf8352d6422b') in 0.002161 seconds 
  Import took 0.015236 seconds .

========================================================================
Received Import Request.
  Time since last request: 6.653183 seconds.
  path: Assets/Character/Character.cs
  artifactKey: Guid(c79b85bf11bf6234aab9f5590b3ce2d1) Importer(815301076,1909f56bfc062723c751e8b465ee728b)
Start importing Assets/Character/Character.cs using Guid(c79b85bf11bf6234aab9f5590b3ce2d1) Importer(815301076,1909f56bfc062723c751e8b465ee728b)  -> (artifact id: 'e7fc5fe9ea74a5d93a89cd2982808c24') in 0.001880 seconds 
  Import took 0.013749 seconds .

========================================================================
Received Import Request.
  Time since last request: 46.101891 seconds.
  path: Assets/Character/Character.cs
  artifactKey: Guid(c79b85bf11bf6234aab9f5590b3ce2d1) Importer(815301076,1909f56bfc062723c751e8b465ee728b)
Start importing Assets/Character/Character.cs using Guid(c79b85bf11bf6234aab9f5590b3ce2d1) Importer(815301076,1909f56bfc062723c751e8b465ee728b)  -> (artifact id: 'e7df3b7b75536f8446b04151e2e48f30') in 0.001845 seconds 
  Import took 0.004274 seconds .

========================================================================
Received Import Request.
  Time since last request: 76.826840 seconds.
  path: Assets/Character/Character.cs
  artifactKey: Guid(c79b85bf11bf6234aab9f5590b3ce2d1) Importer(815301076,1909f56bfc062723c751e8b465ee728b)
Start importing Assets/Character/Character.cs using Guid(c79b85bf11bf6234aab9f5590b3ce2d1) Importer(815301076,1909f56bfc062723c751e8b465ee728b)  -> (artifact id: '1939c34e2e298087982cb8457b791c04') in 0.001936 seconds 
  Import took 0.004574 seconds .

========================================================================
Received Import Request.
  Time since last request: 3.971946 seconds.
  path: Assets/Character/Character.cs
  artifactKey: Guid(c79b85bf11bf6234aab9f5590b3ce2d1) Importer(815301076,1909f56bfc062723c751e8b465ee728b)
Start importing Assets/Character/Character.cs using Guid(c79b85bf11bf6234aab9f5590b3ce2d1) Importer(815301076,1909f56bfc062723c751e8b465ee728b)  -> (artifact id: '4d98ed97d7e6b587c31441d8de0e0829') in 0.003227 seconds 
  Import took 0.008974 seconds .

========================================================================
Received Import Request.
  Time since last request: 5.638428 seconds.
  path: Assets/Character/Character.cs
  artifactKey: Guid(c79b85bf11bf6234aab9f5590b3ce2d1) Importer(815301076,1909f56bfc062723c751e8b465ee728b)
Start importing Assets/Character/Character.cs using Guid(c79b85bf11bf6234aab9f5590b3ce2d1) Importer(815301076,1909f56bfc062723c751e8b465ee728b)  -> (artifact id: 'f7a06312dab4c5f3e7b2893b885f9880') in 0.001728 seconds 
  Import took 0.018692 seconds .

========================================================================
Received Import Request.
  Time since last request: 3.344138 seconds.
  path: Assets/Character/Character.cs
  artifactKey: Guid(c79b85bf11bf6234aab9f5590b3ce2d1) Importer(815301076,1909f56bfc062723c751e8b465ee728b)
Start importing Assets/Character/Character.cs using Guid(c79b85bf11bf6234aab9f5590b3ce2d1) Importer(815301076,1909f56bfc062723c751e8b465ee728b)  -> (artifact id: 'f3ececaec20ef98423dca4da69ef9077') in 0.001735 seconds 
  Import took 0.025733 seconds .

========================================================================
Received Import Request.
  Time since last request: 64.387625 seconds.
  path: Assets/Character/Character.cs
  artifactKey: Guid(c79b85bf11bf6234aab9f5590b3ce2d1) Importer(815301076,1909f56bfc062723c751e8b465ee728b)
Start importing Assets/Character/Character.cs using Guid(c79b85bf11bf6234aab9f5590b3ce2d1) Importer(815301076,1909f56bfc062723c751e8b465ee728b)  -> (artifact id: '109082982facc17a8a544bf4c2a595b6') in 0.002338 seconds 
  Import took 0.005566 seconds .

========================================================================
Received Prepare
Registering precompiled user dll's ...
Registered in 0.003069 seconds.
Begin MonoManager ReloadAssembly
Native extension for WindowsStandalone target not found
Refreshing native plugins compatible for Editor in 0.36 ms, found 3 plugins.
Preloading 0 native plugins for Editor in 0.00 ms.
Mono: successfully reloaded assembly
- Completed reload, in  0.719 seconds
Domain Reload Profiling:
	ReloadAssembly (719ms)
		BeginReloadAssembly (92ms)
			ExecutionOrderSort (0ms)
			DisableScriptedObjects (4ms)
			BackupInstance (0ms)
			ReleaseScriptingObjects (0ms)
			CreateAndSetChildDomain (25ms)
		EndReloadAssembly (579ms)
			LoadAssemblies (72ms)
			RebuildTransferFunctionScriptingTraits (0ms)
			SetupTypeCache (190ms)
			ReleaseScriptCaches (1ms)
			RebuildScriptCaches (28ms)
			SetupLoadedEditorAssemblies (229ms)
				LogAssemblyErrors (0ms)
				InitializePlatformSupportModulesInManaged (3ms)
				SetLoadedEditorAssemblies (0ms)
				RefreshPlugins (0ms)
				BeforeProcessingInitializeOnLoad (67ms)
				ProcessInitializeOnLoadAttributes (140ms)
				ProcessInitializeOnLoadMethodAttributes (8ms)
				AfterProcessingInitializeOnLoad (9ms)
				EditorAssembliesLoaded (0ms)
			ExecutionOrderSort2 (0ms)
			AwakeInstancesAfterBackupRestoration (6ms)
Platform modules already initialized, skipping
Refreshing native plugins compatible for Editor in 0.37 ms, found 3 plugins.
Preloading 0 native plugins for Editor in 0.00 ms.
Unloading 2194 Unused Serialized files (Serialized files now loaded: 0)
System memory in use before: 96.3 MB.
System memory in use after: 96.2 MB.

Unloading 23 unused Assets to reduce memory usage. Loaded Objects now: 2644.
Total: 2.089300 ms (FindLiveObjects: 0.121500 ms CreateObjectMapping: 0.046800 ms MarkObjects: 1.819600 ms  DeleteObjects: 0.100500 ms)

AssetImportParameters requested are different than current active one (requested -> active):
  custom:framework-win-MediaFoundation: 216162199b28c13a410421893ffa2e32 -> 
  custom:video-decoder-ogg-theora: a1e56fd34408186e4bbccfd4996cb3dc -> 
  custom:container-muxer-webm: aa71ff27fc2769a1b78a27578f13a17b -> 
  custom:container-demuxer-webm: 4f35f7cbe854078d1ac9338744f61a02 -> 
  custom:container-demuxer-ogg: 62fdf1f143b41e24485cea50d1cbac27 -> 
  custom:video-encoder-webm-vp8: eb34c28f22e8b96e1ab97ce403110664 -> 
  custom:video-decoder-webm-vp8: 9c59270c3fd7afecdb556c50c9e8de78 -> 
  custom:audio-decoder-ogg-vorbis: bf7c407c2cedff20999df2af8eb42d56 -> 
  custom:audio-encoder-webm-vorbis: bf7c407c2cedff20999df2af8eb42d56 -> 
========================================================================
Received Import Request.
  Time since last request: 124.737117 seconds.
  path: Assets/Generation
  artifactKey: Guid(340b16f099339f044ae0299051e2f3cb) Importer(815301076,1909f56bfc062723c751e8b465ee728b)
Start importing Assets/Generation using Guid(340b16f099339f044ae0299051e2f3cb) Importer(815301076,1909f56bfc062723c751e8b465ee728b)  -> (artifact id: 'fb0b5ae7f3d5d08f323ad38767e5b49c') in 0.005137 seconds 
  Import took 0.016916 seconds .

========================================================================
Received Import Request.
  Time since last request: 22.705253 seconds.
  path: Assets/DangeonMaster
  artifactKey: Guid(340b16f099339f044ae0299051e2f3cb) Importer(815301076,1909f56bfc062723c751e8b465ee728b)
Start importing Assets/DangeonMaster using Guid(340b16f099339f044ae0299051e2f3cb) Importer(815301076,1909f56bfc062723c751e8b465ee728b)  -> (artifact id: '7dd00b2cffa218b69d2e170fe28e6d18') in 0.002029 seconds 
  Import took 0.013971 seconds .

